# This is the CMakeCache file.
# For build in directory: /home/sbkim/project_memorymaze/memoryMaze/build/temp.linux-x86_64-cpython-37
# It was generated by CMake: /home/sbkim/miniconda3/envs/torchbeast/lib/python3.7/site-packages/cmake/data/bin/cmake
# You can edit this file to change values found and used by cmake.
# If you do not want to change any of the values, simply exit the editor.
# If you do want to change a value, simply edit, save, and exit the editor.
# The syntax for the file is as follows:
# KEY:TYPE=VALUE
# KEY is the name of a variable in the cache.
# TYPE is a hint to GUIs for the type of VALUE, DO NOT EDIT TYPE!.
# VALUE is the current value for the KEY.

########################
# EXTERNAL cache entries
########################

//If ON, Abseil will build all of Abseil's own tests.
ABSL_BUILD_TESTING:BOOL=OFF

//If ON, Abseil will build libraries that you can use to write
// tests against Abseil code. This option requires that Abseil
// is configured to use GoogleTest.
ABSL_BUILD_TEST_HELPERS:BOOL=OFF

//Enable install rule
ABSL_ENABLE_INSTALL:BOOL=OFF

//If set, download GoogleTest from this URL
ABSL_GOOGLETEST_DOWNLOAD_URL:STRING=

//If ABSL_USE_GOOGLETEST_HEAD is OFF and ABSL_GOOGLETEST_URL is
// not set, specifies the directory of a local GoogleTest checkout.
ABSL_LOCAL_GOOGLETEST_DIR:PATH=/usr/src/googletest

//Use CMake C++ standard meta features (e.g. cxx_std_14) that propagate
// to targets that link to Abseil
ABSL_PROPAGATE_CXX_STD:BOOL=OFF

//If ON, Abseil will assume that the targets for GoogleTest are
// already provided by the including project. This makes sense
// when Abseil is used with add_subdirectory.
ABSL_USE_EXTERNAL_GOOGLETEST:BOOL=OFF

//If ON, abseil will download HEAD from GoogleTest at config time.
ABSL_USE_GOOGLETEST_HEAD:BOOL=OFF

//Silence warnings in Abseil headers by marking them as SYSTEM
// includes
ABSL_USE_SYSTEM_INCLUDES:BOOL=OFF

//Builds the googlemock subproject
BUILD_GMOCK:BOOL=ON

//build shared libraries
BUILD_SHARED_LIBS:BOOL=OFF

//Build the testing tree.
BUILD_TESTING:BOOL=ON

//Value Computed by CMake
BoringSSL_BINARY_DIR:STATIC=/home/sbkim/project_memorymaze/memoryMaze/build/temp.linux-x86_64-cpython-37/grpc/third_party/boringssl-with-bazel

//Value Computed by CMake
BoringSSL_IS_TOP_LEVEL:STATIC=OFF

//Value Computed by CMake
BoringSSL_SOURCE_DIR:STATIC=/home/sbkim/project_memorymaze/memoryMaze/third_party/grpc/third_party/boringssl-with-bazel

//Path to a library.
C10_CUDA_LIBRARY:FILEPATH=/home/sbkim/miniconda3/envs/torchbeast/lib/python3.7/site-packages/torch/lib/libc10_cuda.so

//Build and run container tests (implies CARES_BUILD_TESTS, Linux
// only)
CARES_BUILD_CONTAINER_TESTS:BOOL=OFF

//Build and run tests
CARES_BUILD_TESTS:BOOL=OFF

//Build tools
CARES_BUILD_TOOLS:BOOL=ON

//Create installation targets (chain builders may want to disable
// this)
CARES_INSTALL:BOOL=ON

//Path to a file.
CARES_RANDOM_FILE:FILEPATH=/dev/urandom

//Build as a shared library
CARES_SHARED:BOOL=OFF

//Build as a static library
CARES_STATIC:BOOL=ON

//Build the static library as PIC (position independent)
CARES_STATIC_PIC:BOOL=OFF

//Path to a program.
CMAKE_ADDR2LINE:FILEPATH=/usr/bin/addr2line

//Path to a program.
CMAKE_AR:FILEPATH=/usr/bin/ar

//ASM compiler
CMAKE_ASM_COMPILER:FILEPATH=/usr/bin/cc

//A wrapper around 'ar' adding the appropriate '--plugin' option
// for the GCC compiler
CMAKE_ASM_COMPILER_AR:FILEPATH=/usr/bin/gcc-ar

//A wrapper around 'ranlib' adding the appropriate '--plugin' option
// for the GCC compiler
CMAKE_ASM_COMPILER_RANLIB:FILEPATH=/usr/bin/gcc-ranlib

//Flags used by the ASM compiler during all build types.
CMAKE_ASM_FLAGS:STRING=

//Flags used by the ASM compiler during DEBUG builds.
CMAKE_ASM_FLAGS_DEBUG:STRING=-g

//Flags used by the ASM compiler during MINSIZEREL builds.
CMAKE_ASM_FLAGS_MINSIZEREL:STRING=-Os -DNDEBUG

//Flags used by the ASM compiler during RELEASE builds.
CMAKE_ASM_FLAGS_RELEASE:STRING=-O3 -DNDEBUG

//Flags used by the ASM compiler during RELWITHDEBINFO builds.
CMAKE_ASM_FLAGS_RELWITHDEBINFO:STRING=-O2 -g -DNDEBUG

//For backwards compatibility, what version of CMake commands and
// syntax should this version of CMake try to support.
CMAKE_BACKWARDS_COMPATIBILITY:STRING=2.4

//Directory relative to CMAKE_CURRENT_BINARY_DIR for cmake configuration
// files
CMAKE_BUILD_CMAKEDIR:STRING=/home/sbkim/project_memorymaze/memoryMaze/build/temp.linux-x86_64-cpython-37/grpc/third_party/protobuf/cmake/protobuf

//Choose the type of build, options are: None Debug Release RelWithDebInfo
// MinSizeRel ...
CMAKE_BUILD_TYPE:STRING=Release

//CUDA architectures
CMAKE_CUDA_ARCHITECTURES:STRING=52

//CUDA compiler
CMAKE_CUDA_COMPILER:FILEPATH=/usr/local/cuda/bin/nvcc

//Flags used by the CUDA compiler during all build types.
CMAKE_CUDA_FLAGS:STRING=

//Flags used by the CUDA compiler during DEBUG builds.
CMAKE_CUDA_FLAGS_DEBUG:STRING=-g

//Flags used by the CUDA compiler during MINSIZEREL builds.
CMAKE_CUDA_FLAGS_MINSIZEREL:STRING=-O1 -DNDEBUG

//Flags used by the CUDA compiler during RELEASE builds.
CMAKE_CUDA_FLAGS_RELEASE:STRING=-O3 -DNDEBUG

//Flags used by the CUDA compiler during RELWITHDEBINFO builds.
CMAKE_CUDA_FLAGS_RELWITHDEBINFO:STRING=-O2 -g -DNDEBUG

//CXX compiler
CMAKE_CXX_COMPILER:FILEPATH=/usr/bin/c++

//A wrapper around 'ar' adding the appropriate '--plugin' option
// for the GCC compiler
CMAKE_CXX_COMPILER_AR:FILEPATH=/usr/bin/gcc-ar-9

//A wrapper around 'ranlib' adding the appropriate '--plugin' option
// for the GCC compiler
CMAKE_CXX_COMPILER_RANLIB:FILEPATH=/usr/bin/gcc-ranlib-9

//Flags used by the CXX compiler during all build types.
CMAKE_CXX_FLAGS:STRING=

//Flags used by the CXX compiler during DEBUG builds.
CMAKE_CXX_FLAGS_DEBUG:STRING=-g

//Flags used by the CXX compiler during MINSIZEREL builds.
CMAKE_CXX_FLAGS_MINSIZEREL:STRING=-Os -DNDEBUG

//Flags used by the CXX compiler during RELEASE builds.
CMAKE_CXX_FLAGS_RELEASE:STRING=-O3 -DNDEBUG

//Flags used by the CXX compiler during RELWITHDEBINFO builds.
CMAKE_CXX_FLAGS_RELWITHDEBINFO:STRING=-O2 -g -DNDEBUG

//C compiler
CMAKE_C_COMPILER:FILEPATH=/usr/bin/cc

//A wrapper around 'ar' adding the appropriate '--plugin' option
// for the GCC compiler
CMAKE_C_COMPILER_AR:FILEPATH=/usr/bin/gcc-ar-9

//A wrapper around 'ranlib' adding the appropriate '--plugin' option
// for the GCC compiler
CMAKE_C_COMPILER_RANLIB:FILEPATH=/usr/bin/gcc-ranlib-9

//Flags used by the C compiler during all build types.
CMAKE_C_FLAGS:STRING=

//Flags used by the C compiler during DEBUG builds.
CMAKE_C_FLAGS_DEBUG:STRING=-g

//Flags used by the C compiler during MINSIZEREL builds.
CMAKE_C_FLAGS_MINSIZEREL:STRING=-Os -DNDEBUG

//Flags used by the C compiler during RELEASE builds.
CMAKE_C_FLAGS_RELEASE:STRING=-O3 -DNDEBUG

//Flags used by the C compiler during RELWITHDEBINFO builds.
CMAKE_C_FLAGS_RELWITHDEBINFO:STRING=-O2 -g -DNDEBUG

//Path to a program.
CMAKE_DLLTOOL:FILEPATH=CMAKE_DLLTOOL-NOTFOUND

//Flags used by the linker during all build types.
CMAKE_EXE_LINKER_FLAGS:STRING=

//Flags used by the linker during DEBUG builds.
CMAKE_EXE_LINKER_FLAGS_DEBUG:STRING=

//Flags used by the linker during MINSIZEREL builds.
CMAKE_EXE_LINKER_FLAGS_MINSIZEREL:STRING=

//Flags used by the linker during RELEASE builds.
CMAKE_EXE_LINKER_FLAGS_RELEASE:STRING=

//Flags used by the linker during RELWITHDEBINFO builds.
CMAKE_EXE_LINKER_FLAGS_RELWITHDEBINFO:STRING=

//Enable/Disable output of compile commands during generation.
CMAKE_EXPORT_COMPILE_COMMANDS:BOOL=

//Value Computed by CMake.
CMAKE_FIND_PACKAGE_REDIRECTS_DIR:STATIC=/home/sbkim/project_memorymaze/memoryMaze/build/temp.linux-x86_64-cpython-37/CMakeFiles/pkgRedirects

//User executables (bin)
CMAKE_INSTALL_BINDIR:PATH=bin

//Directory relative to CMAKE_INSTALL to install the cmake configuration
// files
CMAKE_INSTALL_CMAKEDIR:STRING=lib/cmake/protobuf

//Read-only architecture-independent data (DATAROOTDIR)
CMAKE_INSTALL_DATADIR:PATH=

//Read-only architecture-independent data root (share)
CMAKE_INSTALL_DATAROOTDIR:PATH=share

//Documentation root (DATAROOTDIR/doc/PROJECT_NAME)
CMAKE_INSTALL_DOCDIR:PATH=

//Directory relative to CMAKE_INSTALL_DATA to install examples
CMAKE_INSTALL_EXAMPLEDIR:STRING=share/protobuf/examples

//C header files (include)
CMAKE_INSTALL_INCLUDEDIR:PATH=include

//Info documentation (DATAROOTDIR/info)
CMAKE_INSTALL_INFODIR:PATH=

//Object code libraries (lib)
CMAKE_INSTALL_LIBDIR:PATH=lib

//Program executables (libexec)
CMAKE_INSTALL_LIBEXECDIR:PATH=libexec

//Locale-dependent data (DATAROOTDIR/locale)
CMAKE_INSTALL_LOCALEDIR:PATH=

//Modifiable single-machine data (var)
CMAKE_INSTALL_LOCALSTATEDIR:PATH=var

//Man documentation (DATAROOTDIR/man)
CMAKE_INSTALL_MANDIR:PATH=

//C header files for non-gcc (/usr/include)
CMAKE_INSTALL_OLDINCLUDEDIR:PATH=/usr/include

//Install path prefix, prepended onto install directories.
CMAKE_INSTALL_PREFIX:PATH=/home/sbkim/miniconda3/envs/torchbeast

//Run-time variable data (LOCALSTATEDIR/run)
CMAKE_INSTALL_RUNSTATEDIR:PATH=

//System admin executables (sbin)
CMAKE_INSTALL_SBINDIR:PATH=sbin

//Modifiable architecture-independent data (com)
CMAKE_INSTALL_SHAREDSTATEDIR:PATH=com

//Read-only single-machine data (etc)
CMAKE_INSTALL_SYSCONFDIR:PATH=etc

//No help, variable specified on the command line.
CMAKE_LIBRARY_OUTPUT_DIRECTORY:UNINITIALIZED=/home/sbkim/project_memorymaze/memoryMaze/build/lib.linux-x86_64-cpython-37/libtorchbeast

//Path to a program.
CMAKE_LINKER:FILEPATH=/usr/bin/ld

//Program used to build from build.ninja files.
CMAKE_MAKE_PROGRAM:FILEPATH=/home/sbkim/miniconda3/envs/torchbeast/bin/ninja

//Flags used by the linker during the creation of modules during
// all build types.
CMAKE_MODULE_LINKER_FLAGS:STRING=

//Flags used by the linker during the creation of modules during
// DEBUG builds.
CMAKE_MODULE_LINKER_FLAGS_DEBUG:STRING=

//Flags used by the linker during the creation of modules during
// MINSIZEREL builds.
CMAKE_MODULE_LINKER_FLAGS_MINSIZEREL:STRING=

//Flags used by the linker during the creation of modules during
// RELEASE builds.
CMAKE_MODULE_LINKER_FLAGS_RELEASE:STRING=

//Flags used by the linker during the creation of modules during
// RELWITHDEBINFO builds.
CMAKE_MODULE_LINKER_FLAGS_RELWITHDEBINFO:STRING=

//Path to a program.
CMAKE_NM:FILEPATH=/usr/bin/nm

//Path to a program.
CMAKE_OBJCOPY:FILEPATH=/usr/bin/objcopy

//Path to a program.
CMAKE_OBJDUMP:FILEPATH=/usr/bin/objdump

//Value Computed by CMake
CMAKE_PROJECT_DESCRIPTION:STATIC=

//Value Computed by CMake
CMAKE_PROJECT_HOMEPAGE_URL:STATIC=

//Value Computed by CMake
CMAKE_PROJECT_NAME:STATIC=torchbeast

//Value Computed by CMake
CMAKE_PROJECT_VERSION:STATIC=0.0.2

//Value Computed by CMake
CMAKE_PROJECT_VERSION_MAJOR:STATIC=0

//Value Computed by CMake
CMAKE_PROJECT_VERSION_MINOR:STATIC=0

//Value Computed by CMake
CMAKE_PROJECT_VERSION_PATCH:STATIC=2

//Value Computed by CMake
CMAKE_PROJECT_VERSION_TWEAK:STATIC=

//Path to a program.
CMAKE_RANLIB:FILEPATH=/usr/bin/ranlib

//Path to a program.
CMAKE_READELF:FILEPATH=/usr/bin/readelf

//Flags used by the linker during the creation of shared libraries
// during all build types.
CMAKE_SHARED_LINKER_FLAGS:STRING=

//Flags used by the linker during the creation of shared libraries
// during DEBUG builds.
CMAKE_SHARED_LINKER_FLAGS_DEBUG:STRING=

//Flags used by the linker during the creation of shared libraries
// during MINSIZEREL builds.
CMAKE_SHARED_LINKER_FLAGS_MINSIZEREL:STRING=

//Flags used by the linker during the creation of shared libraries
// during RELEASE builds.
CMAKE_SHARED_LINKER_FLAGS_RELEASE:STRING=

//Flags used by the linker during the creation of shared libraries
// during RELWITHDEBINFO builds.
CMAKE_SHARED_LINKER_FLAGS_RELWITHDEBINFO:STRING=

//If set, runtime paths are not added when installing shared libraries,
// but are added when building.
CMAKE_SKIP_INSTALL_RPATH:BOOL=NO

//If set, runtime paths are not added when using shared libraries.
CMAKE_SKIP_RPATH:BOOL=NO

//Flags used by the linker during the creation of static libraries
// during all build types.
CMAKE_STATIC_LINKER_FLAGS:STRING=

//Flags used by the linker during the creation of static libraries
// during DEBUG builds.
CMAKE_STATIC_LINKER_FLAGS_DEBUG:STRING=

//Flags used by the linker during the creation of static libraries
// during MINSIZEREL builds.
CMAKE_STATIC_LINKER_FLAGS_MINSIZEREL:STRING=

//Flags used by the linker during the creation of static libraries
// during RELEASE builds.
CMAKE_STATIC_LINKER_FLAGS_RELEASE:STRING=

//Flags used by the linker during the creation of static libraries
// during RELWITHDEBINFO builds.
CMAKE_STATIC_LINKER_FLAGS_RELWITHDEBINFO:STRING=

//Path to a program.
CMAKE_STRIP:FILEPATH=/usr/bin/strip

//If this value is on, makefiles will be generated without the
// .SILENT directive, and all commands will be echoed to the console
// during the make.  This is useful for debugging only. With Visual
// Studio IDE projects all commands are done without /nologo.
CMAKE_VERBOSE_MAKEFILE:BOOL=FALSE

//Path to the coverage program that CTest uses for performing coverage
// inspection
COVERAGE_COMMAND:FILEPATH=/usr/bin/gcov

//Extra command line flags to pass to the coverage tool
COVERAGE_EXTRA_FLAGS:STRING=-l

//Enable to build Debian packages
CPACK_BINARY_DEB:BOOL=OFF

//Enable to build FreeBSD packages
CPACK_BINARY_FREEBSD:BOOL=OFF

//Enable to build IFW packages
CPACK_BINARY_IFW:BOOL=OFF

//Enable to build NSIS packages
CPACK_BINARY_NSIS:BOOL=OFF

//Enable to build RPM packages
CPACK_BINARY_RPM:BOOL=OFF

//Enable to build STGZ packages
CPACK_BINARY_STGZ:BOOL=ON

//Enable to build TBZ2 packages
CPACK_BINARY_TBZ2:BOOL=OFF

//Enable to build TGZ packages
CPACK_BINARY_TGZ:BOOL=ON

//Enable to build TXZ packages
CPACK_BINARY_TXZ:BOOL=OFF

//Enable to build TZ packages
CPACK_BINARY_TZ:BOOL=ON

//Enable to build RPM source packages
CPACK_SOURCE_RPM:BOOL=OFF

//Enable to build TBZ2 source packages
CPACK_SOURCE_TBZ2:BOOL=ON

//Enable to build TGZ source packages
CPACK_SOURCE_TGZ:BOOL=ON

//Enable to build TXZ source packages
CPACK_SOURCE_TXZ:BOOL=ON

//Enable to build TZ source packages
CPACK_SOURCE_TZ:BOOL=ON

//Enable to build ZIP source packages
CPACK_SOURCE_ZIP:BOOL=OFF

//How many times to retry timed-out CTest submissions.
CTEST_SUBMIT_RETRY_COUNT:STRING=3

//How long to wait between timed-out CTest submissions.
CTEST_SUBMIT_RETRY_DELAY:STRING=5

//Compile device code in 64 bit mode
CUDA_64_BIT_DEVICE_CODE:BOOL=ON

//Attach the build rule to the CUDA source file.  Enable only when
// the CUDA source file is added to at most one target.
CUDA_ATTACH_VS_BUILD_RULE_TO_CUDA_FILE:BOOL=ON

//Generate and parse .cubin files in Device mode.
CUDA_BUILD_CUBIN:BOOL=OFF

//Build in Emulation mode
CUDA_BUILD_EMULATION:BOOL=OFF

//"cudart" library
CUDA_CUDART_LIBRARY:FILEPATH=/usr/local/cuda/lib64/libcudart.so

//Path to a library.
CUDA_CUDA_LIB:FILEPATH=/usr/local/cuda/lib64/stubs/libcuda.so

//"cuda" library (older versions only).
CUDA_CUDA_LIBRARY:FILEPATH=/usr/lib/x86_64-linux-gnu/libcuda.so

//Directory to put all the output files.  If blank it will default
// to the CMAKE_CURRENT_BINARY_DIR
CUDA_GENERATED_OUTPUT_DIR:PATH=

//Generated file extension
CUDA_HOST_COMPILATION_CPP:BOOL=ON

//Host side compiler used by NVCC
CUDA_HOST_COMPILER:FILEPATH=

//Path to a program.
CUDA_NVCC_EXECUTABLE:FILEPATH=/usr/local/cuda/bin/nvcc

//Semi-colon delimit multiple arguments. during all build types.
CUDA_NVCC_FLAGS:STRING=

//Semi-colon delimit multiple arguments. during DEBUG builds.
CUDA_NVCC_FLAGS_DEBUG:STRING=

//Semi-colon delimit multiple arguments. during MINSIZEREL builds.
CUDA_NVCC_FLAGS_MINSIZEREL:STRING=

//Semi-colon delimit multiple arguments. during RELEASE builds.
CUDA_NVCC_FLAGS_RELEASE:STRING=

//Semi-colon delimit multiple arguments. during RELWITHDEBINFO
// builds.
CUDA_NVCC_FLAGS_RELWITHDEBINFO:STRING=

//Path to a library.
CUDA_NVRTC_LIB:FILEPATH=/usr/local/cuda/lib64/libnvrtc.so

//Propagate C/CXX_FLAGS and friends to the host compiler via -Xcompile
CUDA_PROPAGATE_HOST_FLAGS:BOOL=ON

//Blacklisted flags to prevent propagation
CUDA_PROPAGATE_HOST_FLAGS_BLACKLIST:STRING=

//Path to a file.
CUDA_SDK_ROOT_DIR:PATH=CUDA_SDK_ROOT_DIR-NOTFOUND

//Compile CUDA objects with separable compilation enabled.  Requires
// CUDA 5.0+
CUDA_SEPARABLE_COMPILATION:BOOL=OFF

//Path to a file.
CUDA_TOOLKIT_INCLUDE:PATH=/usr/local/cuda/include

//Toolkit location.
CUDA_TOOLKIT_ROOT_DIR:PATH=/usr/local/cuda

//Print out the commands run while compiling the CUDA source file.
//  With the Makefile generator this defaults to VERBOSE variable
// specified on the command line, but can be forced on with this
// option.
CUDA_VERBOSE_BUILD:BOOL=OFF

//Version of CUDA as computed from nvcc.
CUDA_VERSION:STRING=12.0

//"cublas" library
CUDA_cublas_LIBRARY:FILEPATH=/usr/local/cuda/lib64/libcublas.so

//"cudadevrt" library
CUDA_cudadevrt_LIBRARY:FILEPATH=/usr/local/cuda/lib64/libcudadevrt.a

//static CUDA runtime library
CUDA_cudart_static_LIBRARY:FILEPATH=/usr/local/cuda/lib64/libcudart_static.a

//"cufft" library
CUDA_cufft_LIBRARY:FILEPATH=/usr/local/cuda/lib64/libcufft.so

//"cupti" library
CUDA_cupti_LIBRARY:FILEPATH=/usr/local/cuda/extras/CUPTI/lib64/libcupti.so

//"curand" library
CUDA_curand_LIBRARY:FILEPATH=/usr/local/cuda/lib64/libcurand.so

//"cusolver" library
CUDA_cusolver_LIBRARY:FILEPATH=/usr/local/cuda/lib64/libcusolver.so

//"cusparse" library
CUDA_cusparse_LIBRARY:FILEPATH=/usr/local/cuda/lib64/libcusparse.so

//"nppc" library
CUDA_nppc_LIBRARY:FILEPATH=/usr/local/cuda/lib64/libnppc.so

//"nppial" library
CUDA_nppial_LIBRARY:FILEPATH=/usr/local/cuda/lib64/libnppial.so

//"nppicc" library
CUDA_nppicc_LIBRARY:FILEPATH=/usr/local/cuda/lib64/libnppicc.so

//"nppicom" library
CUDA_nppicom_LIBRARY:FILEPATH=CUDA_nppicom_LIBRARY-NOTFOUND

//"nppidei" library
CUDA_nppidei_LIBRARY:FILEPATH=/usr/local/cuda/lib64/libnppidei.so

//"nppif" library
CUDA_nppif_LIBRARY:FILEPATH=/usr/local/cuda/lib64/libnppif.so

//"nppig" library
CUDA_nppig_LIBRARY:FILEPATH=/usr/local/cuda/lib64/libnppig.so

//"nppim" library
CUDA_nppim_LIBRARY:FILEPATH=/usr/local/cuda/lib64/libnppim.so

//"nppist" library
CUDA_nppist_LIBRARY:FILEPATH=/usr/local/cuda/lib64/libnppist.so

//"nppisu" library
CUDA_nppisu_LIBRARY:FILEPATH=/usr/local/cuda/lib64/libnppisu.so

//"nppitc" library
CUDA_nppitc_LIBRARY:FILEPATH=/usr/local/cuda/lib64/libnppitc.so

//"npps" library
CUDA_npps_LIBRARY:FILEPATH=/usr/local/cuda/lib64/libnpps.so

//Folder containing NVIDIA cuDNN header files
CUDNN_INCLUDE_DIR:PATH=

//Path to a file.
CUDNN_INCLUDE_PATH:PATH=/usr/local/cuda/include

//Path to the cudnn library file (e.g., libcudnn.so)
CUDNN_LIBRARY:PATH=

//Path to a library.
CUDNN_LIBRARY_PATH:FILEPATH=/usr/local/cuda/lib64/libcudnn.so

//Folder containing NVIDIA cuDNN
CUDNN_ROOT:PATH=

//Look for static CUDNN
CUDNN_STATIC:BOOL=OFF

//The directory containing a CMake configuration file for Caffe2.
Caffe2_DIR:PATH=/home/sbkim/miniconda3/envs/torchbeast/lib/python3.7/site-packages/torch/share/cmake/Caffe2

//Maximum time allowed before CTest will kill the test.
DART_TESTING_TIMEOUT:STRING=1500

//Path to a library.
EXECINFO_LIBRARY:FILEPATH=EXECINFO_LIBRARY-NOTFOUND

//Single output directory for building all executables.
EXECUTABLE_OUTPUT_PATH:PATH=

//Path to a program.
GITCOMMAND:FILEPATH=/usr/bin/git

//Installation directory for executables
INSTALL_BIN_DIR:PATH=/home/sbkim/miniconda3/envs/torchbeast/bin

//Enable installation of googletest. (Projects embedding googletest
// may want to turn this OFF.)
INSTALL_GTEST:BOOL=ON

//Installation directory for headers
INSTALL_INC_DIR:PATH=/home/sbkim/miniconda3/envs/torchbeast/include

//Installation directory for libraries
INSTALL_LIB_DIR:PATH=/home/sbkim/miniconda3/envs/torchbeast/lib

//Installation directory for manual pages
INSTALL_MAN_DIR:PATH=/home/sbkim/miniconda3/envs/torchbeast/share/man

//Installation directory for pkgconfig (.pc) files
INSTALL_PKGCONFIG_DIR:PATH=/home/sbkim/miniconda3/envs/torchbeast/share/pkgconfig

//Path to a library.
LIBNVTOOLSEXT:FILEPATH=/home/sbkim/miniconda3/envs/torchbeast/lib/libnvToolsExt.so

//Single output directory for building all libraries.
LIBRARY_OUTPUT_PATH:PATH=

//Path to a library.
LIBRT:FILEPATH=/usr/lib/x86_64-linux-gnu/librt.so

//Command to build the project
MAKECOMMAND:STRING=/home/sbkim/miniconda3/envs/torchbeast/lib/python3.7/site-packages/cmake/data/bin/cmake --build . --config "${CTEST_CONFIGURATION_TYPE}"

//Path to the memory checking command, used for memory error detection.
MEMORYCHECK_COMMAND:FILEPATH=/usr/local/cuda/bin/compute-sanitizer

//File that contains suppressions for the memory checker
MEMORYCHECK_SUPPRESSIONS_FILE:FILEPATH=

//The directory containing a CMake configuration file for MKLDNN.
MKLDNN_DIR:PATH=MKLDNN_DIR-NOTFOUND

//The directory containing a CMake configuration file for MKL.
MKL_DIR:PATH=MKL_DIR-NOTFOUND

//Arguments to supply to pkg-config
PKG_CONFIG_ARGN:STRING=

//pkg-config executable
PKG_CONFIG_EXECUTABLE:FILEPATH=/usr/bin/pkg-config

//Force new FindPython
PYBIND11_FINDPYTHON:BOOL=OFF

//Install pybind11 header files?
PYBIND11_INSTALL:BOOL=OFF

//Override the ABI version, may be used to enable the unstable
// ABI.
PYBIND11_INTERNALS_VERSION:STRING=

//Disable search for Python
PYBIND11_NOPYTHON:BOOL=OFF

//Use simpler GIL management logic that does not support disassociation
PYBIND11_SIMPLE_GIL_MANAGEMENT:BOOL=OFF

//Build pybind11 test suite?
PYBIND11_TEST:BOOL=OFF

//No help, variable specified on the command line.
PYTHON_EXECUTABLE:UNINITIALIZED=/home/sbkim/miniconda3/envs/torchbeast/bin/python3

//No help, variable specified on the command line.
PYTHON_INCLUDE_DIR:UNINITIALIZED=/home/sbkim/miniconda3/envs/torchbeast/include/python3.7m

//No help, variable specified on the command line.
PYTHON_LIBRARY:UNINITIALIZED=/home/sbkim/miniconda3/envs/torchbeast/lib

//No help, variable specified on the command line.
PYTHON_SRC_PARENT:UNINITIALIZED=/home/sbkim/project_memorymaze/memoryMaze

//Value Computed by CMake
RE2_BINARY_DIR:STATIC=/home/sbkim/project_memorymaze/memoryMaze/build/temp.linux-x86_64-cpython-37/grpc/third_party/re2

//enable testing for RE2
RE2_BUILD_TESTING:BOOL=ON

//Value Computed by CMake
RE2_IS_TOP_LEVEL:STATIC=OFF

//Value Computed by CMake
RE2_SOURCE_DIR:STATIC=/home/sbkim/project_memorymaze/memoryMaze/third_party/grpc/third_party/re2

//Name of the computer/site where compile is being run
SITE:STRING=jurgen

//Path to a library.
TORCH_LIBRARY:FILEPATH=/home/sbkim/miniconda3/envs/torchbeast/lib/python3.7/site-packages/torch/lib/libtorch.so

//The directory containing a CMake configuration file for Torch.
Torch_DIR:PATH=/home/sbkim/miniconda3/envs/torchbeast/lib/python3.7/site-packages/torch/share/cmake/Torch

//use PCRE in tests and benchmarks
USEPCRE:BOOL=OFF

//Value Computed by CMake
absl_BINARY_DIR:STATIC=/home/sbkim/project_memorymaze/memoryMaze/build/temp.linux-x86_64-cpython-37/grpc/third_party/abseil-cpp

//Value Computed by CMake
absl_IS_TOP_LEVEL:STATIC=OFF

//Value Computed by CMake
absl_SOURCE_DIR:STATIC=/home/sbkim/project_memorymaze/memoryMaze/third_party/grpc/third_party/abseil-cpp

//Dependencies for the target
absl_bad_any_cast_impl_LIB_DEPENDS:STATIC=general;absl::raw_logging_internal;

//Dependencies for the target
absl_bad_optional_access_LIB_DEPENDS:STATIC=general;absl::raw_logging_internal;

//Dependencies for the target
absl_bad_variant_access_LIB_DEPENDS:STATIC=general;absl::raw_logging_internal;

//Dependencies for the target
absl_base_LIB_DEPENDS:STATIC=general;absl::log_severity;general;absl::raw_logging_internal;general;absl::spinlock_wait;general;absl::type_traits;

//Dependencies for the target
absl_cord_LIB_DEPENDS:STATIC=general;absl::base;general;absl::cord_internal;general;absl::cordz_functions;general;absl::cordz_info;general;absl::crc_cord_state;general;absl::optional;general;absl::raw_logging_internal;general;absl::span;general;absl::strings;

//Dependencies for the target
absl_cord_internal_LIB_DEPENDS:STATIC=general;absl::crc_cord_state;general;absl::raw_logging_internal;general;absl::strings;general;absl::throw_delegate;

//Dependencies for the target
absl_cordz_functions_LIB_DEPENDS:STATIC=general;absl::exponential_biased;general;absl::raw_logging_internal;

//Dependencies for the target
absl_cordz_handle_LIB_DEPENDS:STATIC=general;absl::base;general;absl::raw_logging_internal;general;absl::synchronization;

//Dependencies for the target
absl_cordz_info_LIB_DEPENDS:STATIC=general;absl::base;general;absl::cord_internal;general;absl::cordz_functions;general;absl::cordz_handle;general;absl::span;general;absl::raw_logging_internal;general;absl::stacktrace;general;absl::synchronization;

//Dependencies for the target
absl_cordz_sample_token_LIB_DEPENDS:STATIC=general;absl::cordz_handle;general;absl::cordz_info;

//Dependencies for the target
absl_crc32c_LIB_DEPENDS:STATIC=general;absl::crc_cpu_detect;general;absl::crc_internal;general;absl::non_temporal_memcpy;general;absl::strings;

//Dependencies for the target
absl_crc_cord_state_LIB_DEPENDS:STATIC=general;absl::crc32c;general;absl::strings;

//Dependencies for the target
absl_crc_cpu_detect_LIB_DEPENDS:STATIC=general;absl::base;

//Dependencies for the target
absl_crc_internal_LIB_DEPENDS:STATIC=general;absl::crc_cpu_detect;general;absl::base;general;absl::raw_logging_internal;general;absl::memory;general;absl::bits;

//Dependencies for the target
absl_debugging_internal_LIB_DEPENDS:STATIC=general;absl::raw_logging_internal;

//Dependencies for the target
absl_demangle_internal_LIB_DEPENDS:STATIC=general;absl::base;

//Dependencies for the target
absl_die_if_null_LIB_DEPENDS:STATIC=general;absl::log;general;absl::strings;

//Dependencies for the target
absl_examine_stack_LIB_DEPENDS:STATIC=general;absl::stacktrace;general;absl::symbolize;general;absl::raw_logging_internal;

//Dependencies for the target
absl_failure_signal_handler_LIB_DEPENDS:STATIC=general;absl::examine_stack;general;absl::stacktrace;general;absl::base;general;absl::raw_logging_internal;

//Dependencies for the target
absl_flags_LIB_DEPENDS:STATIC=general;absl::flags_commandlineflag;general;absl::flags_config;general;absl::flags_internal;general;absl::flags_reflection;general;absl::base;general;absl::strings;

//Dependencies for the target
absl_flags_commandlineflag_LIB_DEPENDS:STATIC=general;absl::flags_commandlineflag_internal;general;absl::optional;general;absl::strings;

//Dependencies for the target
absl_flags_config_LIB_DEPENDS:STATIC=general;absl::flags_program_name;general;absl::strings;general;absl::synchronization;

//Dependencies for the target
absl_flags_internal_LIB_DEPENDS:STATIC=general;absl::base;general;absl::flags_commandlineflag;general;absl::flags_commandlineflag_internal;general;absl::flags_config;general;absl::flags_marshalling;general;absl::synchronization;general;absl::meta;general;absl::utility;

//Dependencies for the target
absl_flags_marshalling_LIB_DEPENDS:STATIC=general;absl::log_severity;general;absl::optional;general;absl::strings;general;absl::str_format;

//Dependencies for the target
absl_flags_parse_LIB_DEPENDS:STATIC=general;absl::flags_config;general;absl::flags;general;absl::flags_commandlineflag;general;absl::flags_commandlineflag_internal;general;absl::flags_internal;general;absl::flags_private_handle_accessor;general;absl::flags_program_name;general;absl::flags_reflection;general;absl::flags_usage;general;absl::strings;general;absl::synchronization;

//Dependencies for the target
absl_flags_private_handle_accessor_LIB_DEPENDS:STATIC=general;absl::flags_commandlineflag;general;absl::flags_commandlineflag_internal;general;absl::strings;

//Dependencies for the target
absl_flags_program_name_LIB_DEPENDS:STATIC=general;absl::strings;general;absl::synchronization;

//Dependencies for the target
absl_flags_reflection_LIB_DEPENDS:STATIC=general;absl::flags_commandlineflag;general;absl::flags_private_handle_accessor;general;absl::flags_config;general;absl::strings;general;absl::synchronization;

//Dependencies for the target
absl_flags_usage_LIB_DEPENDS:STATIC=general;absl::flags_usage_internal;general;absl::strings;general;absl::synchronization;

//Dependencies for the target
absl_flags_usage_internal_LIB_DEPENDS:STATIC=general;absl::flags_config;general;absl::flags;general;absl::flags_commandlineflag;general;absl::flags_internal;general;absl::flags_private_handle_accessor;general;absl::flags_program_name;general;absl::flags_reflection;general;absl::strings;general;absl::synchronization;

//Dependencies for the target
absl_graphcycles_internal_LIB_DEPENDS:STATIC=general;absl::base;general;absl::malloc_internal;general;absl::raw_logging_internal;

//Dependencies for the target
absl_hash_LIB_DEPENDS:STATIC=general;absl::bits;general;absl::city;general;absl::meta;general;absl::int128;general;absl::strings;general;absl::optional;general;absl::variant;general;absl::utility;general;absl::low_level_hash;

//Dependencies for the target
absl_hashtablez_sampler_LIB_DEPENDS:STATIC=general;absl::base;general;absl::exponential_biased;general;absl::sample_recorder;general;absl::synchronization;

//Dependencies for the target
absl_log_entry_LIB_DEPENDS:STATIC=general;absl::log_severity;general;absl::span;general;absl::strings;general;absl::time;

//Dependencies for the target
absl_log_flags_LIB_DEPENDS:STATIC=general;absl::log_globals;general;absl::log_severity;general;absl::flags;general;absl::flags_marshalling;general;absl::strings;

//Dependencies for the target
absl_log_globals_LIB_DEPENDS:STATIC=general;absl::hash;general;absl::log_severity;general;absl::strings;

//Dependencies for the target
absl_log_initialize_LIB_DEPENDS:STATIC=general;absl::log_globals;general;absl::log_internal_globals;general;absl::time;

//Dependencies for the target
absl_log_internal_check_op_LIB_DEPENDS:STATIC=general;absl::log_internal_nullguard;general;absl::log_internal_nullstream;general;absl::log_internal_strip;general;absl::strings;

//Dependencies for the target
absl_log_internal_conditions_LIB_DEPENDS:STATIC=general;absl::base;general;absl::log_internal_voidify;

//Dependencies for the target
absl_log_internal_format_LIB_DEPENDS:STATIC=general;absl::log_internal_append_truncated;general;absl::log_internal_globals;general;absl::log_severity;general;absl::strings;general;absl::str_format;general;absl::time;general;absl::span;

//Dependencies for the target
absl_log_internal_globals_LIB_DEPENDS:STATIC=general;absl::log_severity;general;absl::raw_logging_internal;general;absl::strings;general;absl::time;

//Dependencies for the target
absl_log_internal_log_sink_set_LIB_DEPENDS:STATIC=general;absl::base;general;absl::log_internal_globals;general;absl::log_globals;general;absl::log_entry;general;absl::log_severity;general;absl::log_sink;general;absl::raw_logging_internal;general;absl::synchronization;general;absl::span;general;absl::strings;

//Dependencies for the target
absl_log_internal_message_LIB_DEPENDS:STATIC=general;absl::base;general;absl::examine_stack;general;absl::log_internal_append_truncated;general;absl::log_internal_format;general;absl::log_internal_globals;general;absl::log_internal_proto;general;absl::log_internal_log_sink_set;general;absl::log_internal_nullguard;general;absl::log_globals;general;absl::log_entry;general;absl::log_severity;general;absl::log_sink;general;absl::log_sink_registry;general;absl::memory;general;absl::raw_logging_internal;general;absl::strings;general;absl::strerror;general;absl::time;general;absl::span;

//Dependencies for the target
absl_log_internal_proto_LIB_DEPENDS:STATIC=general;absl::base;general;absl::strings;general;absl::span;

//Dependencies for the target
absl_log_severity_LIB_DEPENDS:STATIC=general;absl::core_headers;

//Dependencies for the target
absl_log_sink_LIB_DEPENDS:STATIC=general;absl::log_entry;

//Dependencies for the target
absl_low_level_hash_LIB_DEPENDS:STATIC=general;absl::int128;

//Dependencies for the target
absl_malloc_internal_LIB_DEPENDS:STATIC=general;absl::base;general;absl::base_internal;general;absl::raw_logging_internal;

//Dependencies for the target
absl_periodic_sampler_LIB_DEPENDS:STATIC=general;absl::exponential_biased;

//Dependencies for the target
absl_random_distributions_LIB_DEPENDS:STATIC=general;absl::random_internal_generate_real;general;absl::random_internal_distribution_caller;general;absl::random_internal_fast_uniform_bits;general;absl::random_internal_fastmath;general;absl::random_internal_iostream_state_saver;general;absl::random_internal_traits;general;absl::random_internal_uniform_helper;general;absl::random_internal_wide_multiply;general;absl::strings;

//Dependencies for the target
absl_random_internal_distribution_test_util_LIB_DEPENDS:STATIC=general;absl::raw_logging_internal;general;absl::strings;general;absl::str_format;general;absl::span;

//Dependencies for the target
absl_random_internal_pool_urbg_LIB_DEPENDS:STATIC=general;absl::base;general;absl::random_internal_randen;general;absl::random_internal_seed_material;general;absl::random_seed_gen_exception;general;absl::raw_logging_internal;general;absl::span;

//Dependencies for the target
absl_random_internal_randen_LIB_DEPENDS:STATIC=general;absl::random_internal_platform;general;absl::random_internal_randen_hwaes;general;absl::random_internal_randen_slow;

//Dependencies for the target
absl_random_internal_randen_hwaes_LIB_DEPENDS:STATIC=general;absl::random_internal_platform;general;absl::random_internal_randen_hwaes_impl;

//Dependencies for the target
absl_random_internal_randen_hwaes_impl_LIB_DEPENDS:STATIC=general;absl::random_internal_platform;

//Dependencies for the target
absl_random_internal_randen_slow_LIB_DEPENDS:STATIC=general;absl::random_internal_platform;

//Dependencies for the target
absl_random_internal_seed_material_LIB_DEPENDS:STATIC=general;absl::optional;general;absl::raw_logging_internal;general;absl::span;general;absl::strings;

//Dependencies for the target
absl_random_seed_sequences_LIB_DEPENDS:STATIC=general;absl::random_internal_pool_urbg;general;absl::random_internal_salted_seed_seq;general;absl::random_internal_seed_material;general;absl::random_seed_gen_exception;general;absl::span;

//Dependencies for the target
absl_raw_hash_set_LIB_DEPENDS:STATIC=general;absl::bits;general;absl::hashtablez_sampler;general;absl::memory;general;absl::meta;general;absl::optional;general;absl::raw_logging_internal;general;absl::utility;

//Dependencies for the target
absl_raw_logging_internal_LIB_DEPENDS:STATIC=general;absl::config;general;absl::core_headers;general;absl::log_severity;

//Dependencies for the target
absl_scoped_set_env_LIB_DEPENDS:STATIC=general;absl::raw_logging_internal;

//Dependencies for the target
absl_spinlock_wait_LIB_DEPENDS:STATIC=general;absl::base_internal;general;absl::core_headers;

//Dependencies for the target
absl_stacktrace_LIB_DEPENDS:STATIC=general;absl::debugging_internal;general;absl::raw_logging_internal;

//Dependencies for the target
absl_status_LIB_DEPENDS:STATIC=general;absl::cord;general;absl::optional;general;absl::raw_logging_internal;general;absl::stacktrace;general;absl::str_format;general;absl::strerror;general;absl::strings;general;absl::symbolize;

//Dependencies for the target
absl_statusor_LIB_DEPENDS:STATIC=general;absl::base;general;absl::status;general;absl::raw_logging_internal;general;absl::strings;general;absl::utility;general;absl::variant;

//Dependencies for the target
absl_str_format_internal_LIB_DEPENDS:STATIC=general;absl::strings;general;absl::utility;general;absl::int128;general;absl::span;

//Dependencies for the target
absl_strings_LIB_DEPENDS:STATIC=general;absl::strings_internal;general;absl::base;general;absl::int128;general;absl::raw_logging_internal;general;absl::throw_delegate;

//Dependencies for the target
absl_strings_internal_LIB_DEPENDS:STATIC=general;absl::raw_logging_internal;

//Dependencies for the target
absl_symbolize_LIB_DEPENDS:STATIC=general;absl::debugging_internal;general;absl::demangle_internal;general;absl::base;general;absl::malloc_internal;general;absl::raw_logging_internal;general;absl::strings;

//Dependencies for the target
absl_synchronization_LIB_DEPENDS:STATIC=general;absl::graphcycles_internal;general;absl::base;general;absl::malloc_internal;general;absl::raw_logging_internal;general;absl::stacktrace;general;absl::symbolize;general;absl::time;

//Dependencies for the target
absl_throw_delegate_LIB_DEPENDS:STATIC=general;absl::raw_logging_internal;

//Dependencies for the target
absl_time_LIB_DEPENDS:STATIC=general;absl::base;general;absl::civil_time;general;absl::int128;general;absl::raw_logging_internal;general;absl::strings;general;absl::time_zone;

//Dependencies for the target
address_sorting_LIB_DEPENDS:STATIC=general;zlibstatic;general;dl;general;m;general;rt;

//Value Computed by CMake
c-ares_BINARY_DIR:STATIC=/home/sbkim/project_memorymaze/memoryMaze/build/temp.linux-x86_64-cpython-37/grpc/third_party/cares/cares

//Value Computed by CMake
c-ares_IS_TOP_LEVEL:STATIC=OFF

//Value Computed by CMake
c-ares_SOURCE_DIR:STATIC=/home/sbkim/project_memorymaze/memoryMaze/third_party/grpc/third_party/cares/cares

//Path to a library.
c10_LIBRARY:FILEPATH=/home/sbkim/miniconda3/envs/torchbeast/lib/python3.7/site-packages/torch/lib/libc10.so

//Provider of absl library
gRPC_ABSL_PROVIDER:STRING=module

//Build libraries that are binary compatible across a larger number
// of OS and libc versions
gRPC_BACKWARDS_COMPATIBILITY_MODE:BOOL=OFF

//Build codegen
gRPC_BUILD_CODEGEN:BOOL=ON

//Build C# extensions
gRPC_BUILD_CSHARP_EXT:BOOL=ON

//Build grpc_cpp_plugin
gRPC_BUILD_GRPC_CPP_PLUGIN:BOOL=ON

//Build grpc_csharp_plugin
gRPC_BUILD_GRPC_CSHARP_PLUGIN:BOOL=ON

//Build grpc_node_plugin
gRPC_BUILD_GRPC_NODE_PLUGIN:BOOL=ON

//Build grpc_objective_c_plugin
gRPC_BUILD_GRPC_OBJECTIVE_C_PLUGIN:BOOL=ON

//Build grpc_php_plugin
gRPC_BUILD_GRPC_PHP_PLUGIN:BOOL=ON

//Build grpc_python_plugin
gRPC_BUILD_GRPC_PYTHON_PLUGIN:BOOL=ON

//Build grpc_ruby_plugin
gRPC_BUILD_GRPC_RUBY_PLUGIN:BOOL=ON

//The maximum number of processes for MSVC /MP option
gRPC_BUILD_MSVC_MP_COUNT:STRING=0

//Build tests
gRPC_BUILD_TESTS:BOOL=OFF

//Provider of c-ares library
gRPC_CARES_PROVIDER:STRING=module

//Generate installation target
gRPC_INSTALL:BOOL=OFF

//Installation directory for executables
gRPC_INSTALL_BINDIR:STRING=bin

//Installation directory for cmake config files
gRPC_INSTALL_CMAKEDIR:STRING=lib/cmake/grpc

//Installation directory for headers
gRPC_INSTALL_INCLUDEDIR:STRING=include

//Installation directory for libraries
gRPC_INSTALL_LIBDIR:STRING=lib

//Installation directory for root certificates
gRPC_INSTALL_SHAREDIR:STRING=share/grpc

//Provider of protobuf library
gRPC_PROTOBUF_PROVIDER:STRING=module

//Provider of re2 library
gRPC_RE2_PROVIDER:STRING=module

//Provider of ssl library
gRPC_SSL_PROVIDER:STRING=module

//Use the protobuf-lite library
gRPC_USE_PROTO_LITE:BOOL=OFF

//Provider of zlib library
gRPC_ZLIB_PROVIDER:STRING=module

//Value Computed by CMake
gmock_BINARY_DIR:STATIC=/home/sbkim/project_memorymaze/memoryMaze/build/temp.linux-x86_64-cpython-37/googletest/googlemock

//Value Computed by CMake
gmock_IS_TOP_LEVEL:STATIC=OFF

//Dependencies for the target
gmock_LIB_DEPENDS:STATIC=general;gtest;

//Value Computed by CMake
gmock_SOURCE_DIR:STATIC=/home/sbkim/project_memorymaze/memoryMaze/third_party/grpc/third_party/googletest/googlemock

//Build all of Google Mock's own tests.
gmock_build_tests:BOOL=OFF

//Dependencies for the target
gmock_main_LIB_DEPENDS:STATIC=general;gmock;

//Value Computed by CMake
googletest-distribution_BINARY_DIR:STATIC=/home/sbkim/project_memorymaze/memoryMaze/build/temp.linux-x86_64-cpython-37/googletest

//Value Computed by CMake
googletest-distribution_IS_TOP_LEVEL:STATIC=OFF

//Value Computed by CMake
googletest-distribution_SOURCE_DIR:STATIC=/home/sbkim/project_memorymaze/memoryMaze/third_party/grpc/third_party/googletest

//Dependencies for the target
gpr_LIB_DEPENDS:STATIC=general;zlibstatic;general;dl;general;m;general;rt;general;absl::base;general;absl::flags;general;absl::flags_marshalling;general;absl::status;general;absl::cord;general;absl::strings;general;absl::synchronization;general;absl::time;

//Dependencies for the target
grpc++_LIB_DEPENDS:STATIC=general;libprotobuf;general;zlibstatic;general;dl;general;m;general;rt;general;grpc;

//Dependencies for the target
grpc++_alts_LIB_DEPENDS:STATIC=general;libprotobuf;general;zlibstatic;general;dl;general;m;general;rt;general;grpc++;

//Dependencies for the target
grpc++_error_details_LIB_DEPENDS:STATIC=general;libprotobuf;general;zlibstatic;general;dl;general;m;general;rt;general;grpc++;

//Dependencies for the target
grpc++_reflection_LIB_DEPENDS:STATIC=general;libprotobuf;general;zlibstatic;general;dl;general;m;general;rt;general;grpc++;

//Dependencies for the target
grpc++_unsecure_LIB_DEPENDS:STATIC=general;libprotobuf;general;zlibstatic;general;dl;general;m;general;rt;general;grpc_unsecure;

//Value Computed by CMake
grpc_BINARY_DIR:STATIC=/home/sbkim/project_memorymaze/memoryMaze/build/temp.linux-x86_64-cpython-37/grpc

//Value Computed by CMake
grpc_IS_TOP_LEVEL:STATIC=OFF

//Dependencies for the target
grpc_LIB_DEPENDS:STATIC=general;zlibstatic;general;c-ares;general;address_sorting;general;re2;general;upb;general;dl;general;m;general;rt;general;absl::hash;general;absl::statusor;general;gpr;general;ssl;general;crypto;general;address_sorting;general;upb;

//Value Computed by CMake
grpc_SOURCE_DIR:STATIC=/home/sbkim/project_memorymaze/memoryMaze/third_party/grpc

//Dependencies for the target
grpc_authorization_provider_LIB_DEPENDS:STATIC=general;libprotobuf;general;zlibstatic;general;re2;general;dl;general;m;general;rt;general;absl::hash;general;absl::statusor;general;gpr;general;upb;

//Dependencies for the target
grpc_plugin_support_LIB_DEPENDS:STATIC=general;libprotoc;general;libprotobuf;general;zlibstatic;general;dl;general;m;general;rt;

//Dependencies for the target
grpc_unsecure_LIB_DEPENDS:STATIC=general;zlibstatic;general;c-ares;general;address_sorting;general;re2;general;upb;general;dl;general;m;general;rt;general;absl::hash;general;absl::statusor;general;gpr;general;address_sorting;general;upb;

//Dependencies for the target
grpcpp_channelz_LIB_DEPENDS:STATIC=general;libprotobuf;general;zlibstatic;general;dl;general;m;general;rt;general;grpc++;

//Value Computed by CMake
gtest_BINARY_DIR:STATIC=/home/sbkim/project_memorymaze/memoryMaze/build/temp.linux-x86_64-cpython-37/googletest/googletest

//Value Computed by CMake
gtest_IS_TOP_LEVEL:STATIC=OFF

//Value Computed by CMake
gtest_SOURCE_DIR:STATIC=/home/sbkim/project_memorymaze/memoryMaze/third_party/grpc/third_party/googletest/googletest

//Build gtest's sample programs.
gtest_build_samples:BOOL=OFF

//Build all of gtest's own tests.
gtest_build_tests:BOOL=OFF

//Disable uses of pthreads in gtest.
gtest_disable_pthreads:BOOL=OFF

//Use shared (DLL) run-time lib even when Google Test is built
// as static lib.
gtest_force_shared_crt:BOOL=OFF

//Build gtest with internal symbols hidden in shared libraries.
gtest_hide_internal_symbols:BOOL=OFF

//Dependencies for the target
gtest_main_LIB_DEPENDS:STATIC=general;gtest;

//Path to a library.
kineto_LIBRARY:FILEPATH=kineto_LIBRARY-NOTFOUND

//Dependencies for the target
libprotobuf-lite_LIB_DEPENDS:STATIC=general;-pthread;general;absl::base;general;absl::cord;general;absl::die_if_null;general;absl::flags;general;absl::hash;general;absl::log_initialize;general;absl::log_severity;general;absl::status;general;absl::statusor;general;absl::strings;general;absl::synchronization;general;absl::time;general;utf8_validity;

//Dependencies for the target
libprotobuf_LIB_DEPENDS:STATIC=general;-pthread;general;absl::base;general;absl::cord;general;absl::die_if_null;general;absl::flags;general;absl::hash;general;absl::log_initialize;general;absl::log_severity;general;absl::status;general;absl::statusor;general;absl::strings;general;absl::synchronization;general;absl::time;general;utf8_validity;

//Dependencies for the target
libprotoc_LIB_DEPENDS:STATIC=general;libprotobuf;general;absl::base;general;absl::cord;general;absl::die_if_null;general;absl::flags;general;absl::hash;general;absl::log_initialize;general;absl::log_severity;general;absl::status;general;absl::statusor;general;absl::strings;general;absl::synchronization;general;absl::time;

//Provider of absl library
protobuf_ABSL_PROVIDER:STRING=module

//Adjust build flags to allow for ccache support.
protobuf_ALLOW_CCACHE:BOOL=OFF

//Value Computed by CMake
protobuf_BINARY_DIR:STATIC=/home/sbkim/project_memorymaze/memoryMaze/build/temp.linux-x86_64-cpython-37/grpc/third_party/protobuf

//Build conformance tests
protobuf_BUILD_CONFORMANCE:BOOL=OFF

//Build examples
protobuf_BUILD_EXAMPLES:BOOL=OFF

//Build libprotoc
protobuf_BUILD_LIBPROTOC:BOOL=OFF

//Build protobuf libraries and protoc compiler
protobuf_BUILD_PROTOBUF_BINARIES:BOOL=ON

//Build libprotoc and protoc compiler
protobuf_BUILD_PROTOC_BINARIES:BOOL=ON

//Build Shared Libraries
protobuf_BUILD_SHARED_LIBS:BOOL=OFF

//Build tests
protobuf_BUILD_TESTS:BOOL=OFF

//Subdirectory in which to install cmake configuration files
protobuf_CMAKE_SUBDIR:STRING=cmake/protobuf

//Default debug postfix
protobuf_DEBUG_POSTFIX:STRING=d

//Remove runtime type information in the binaries
protobuf_DISABLE_RTTI:BOOL=OFF

//Install protobuf binaries and files
protobuf_INSTALL:BOOL=ON

//Install the examples folder
protobuf_INSTALL_EXAMPLES:BOOL=OFF

//Value Computed by CMake
protobuf_IS_TOP_LEVEL:STATIC=OFF

//CMake built-in FindProtobuf.cmake module compatible
protobuf_MODULE_COMPATIBLE:BOOL=OFF

//Link static runtime libraries
protobuf_MSVC_STATIC_RUNTIME:BOOL=OFF

//Value Computed by CMake
protobuf_SOURCE_DIR:STATIC=/home/sbkim/project_memorymaze/memoryMaze/third_party/grpc/third_party/protobuf

//Output directory for XML logs from tests.
protobuf_TEST_XML_OUTDIR:BOOL=OFF

//Enable for verbose output
protobuf_VERBOSE:BOOL=OFF

//Build with zlib support
protobuf_WITH_ZLIB:BOOL=OFF

//Value Computed by CMake
pybind11_BINARY_DIR:STATIC=/home/sbkim/project_memorymaze/memoryMaze/build/temp.linux-x86_64-cpython-37/third_party/pybind11

//Value Computed by CMake
pybind11_IS_TOP_LEVEL:STATIC=OFF

//Value Computed by CMake
pybind11_SOURCE_DIR:STATIC=/home/sbkim/project_memorymaze/memoryMaze/third_party/pybind11

//Dependencies for the target
ssl_LIB_DEPENDS:STATIC=general;crypto;

//The directory containing a CMake configuration file for systemd.
systemd_DIR:PATH=systemd_DIR-NOTFOUND

//Dependencies for the target
testing_LIB_DEPENDS:STATIC=general;re2;

//Value Computed by CMake
torchbeast_BINARY_DIR:STATIC=/home/sbkim/project_memorymaze/memoryMaze/build/temp.linux-x86_64-cpython-37

//Value Computed by CMake
torchbeast_IS_TOP_LEVEL:STATIC=ON

//Value Computed by CMake
torchbeast_SOURCE_DIR:STATIC=/home/sbkim/project_memorymaze/memoryMaze

//Dependencies for the target
upb_LIB_DEPENDS:STATIC=general;zlibstatic;general;dl;general;m;general;rt;

//Value Computed by CMake
utf8_range_BINARY_DIR:STATIC=/home/sbkim/project_memorymaze/memoryMaze/build/temp.linux-x86_64-cpython-37/grpc/third_party/protobuf/third_party/utf8_range

//Configure installation
utf8_range_ENABLE_INSTALL:BOOL=ON

//Build test suite
utf8_range_ENABLE_TESTS:BOOL=OFF

//Value Computed by CMake
utf8_range_IS_TOP_LEVEL:STATIC=OFF

//Value Computed by CMake
utf8_range_SOURCE_DIR:STATIC=/home/sbkim/project_memorymaze/memoryMaze/third_party/grpc/third_party/protobuf/third_party/utf8_range

//Dependencies for the target
utf8_validity_LIB_DEPENDS:STATIC=general;absl::strings;

//Value Computed by CMake
zlib_BINARY_DIR:STATIC=/home/sbkim/project_memorymaze/memoryMaze/build/temp.linux-x86_64-cpython-37/grpc/third_party/zlib

//Value Computed by CMake
zlib_IS_TOP_LEVEL:STATIC=OFF

//Value Computed by CMake
zlib_SOURCE_DIR:STATIC=/home/sbkim/project_memorymaze/memoryMaze/third_party/grpc/third_party/zlib


########################
# INTERNAL cache entries
########################

//Test ABSL_INTERNAL_AT_LEAST_CXX17
ABSL_INTERNAL_AT_LEAST_CXX17:INTERNAL=
//CARES LIBRARY FOUND
CARES_FOUND:INTERNAL=1
//CARES LIBRARIES
CARES_LIBRARIES:INTERNAL=c-ares::cares
//ADVANCED property for variable: CARES_RANDOM_FILE
CARES_RANDOM_FILE-ADVANCED:INTERNAL=1
//ADVANCED property for variable: CMAKE_ADDR2LINE
CMAKE_ADDR2LINE-ADVANCED:INTERNAL=1
//ADVANCED property for variable: CMAKE_AR
CMAKE_AR-ADVANCED:INTERNAL=1
//ADVANCED property for variable: CMAKE_ASM_COMPILER
CMAKE_ASM_COMPILER-ADVANCED:INTERNAL=1
//ADVANCED property for variable: CMAKE_ASM_COMPILER_AR
CMAKE_ASM_COMPILER_AR-ADVANCED:INTERNAL=1
//ADVANCED property for variable: CMAKE_ASM_COMPILER_RANLIB
CMAKE_ASM_COMPILER_RANLIB-ADVANCED:INTERNAL=1
CMAKE_ASM_COMPILER_WORKS:INTERNAL=1
//ADVANCED property for variable: CMAKE_ASM_FLAGS
CMAKE_ASM_FLAGS-ADVANCED:INTERNAL=1
//ADVANCED property for variable: CMAKE_ASM_FLAGS_DEBUG
CMAKE_ASM_FLAGS_DEBUG-ADVANCED:INTERNAL=1
//ADVANCED property for variable: CMAKE_ASM_FLAGS_MINSIZEREL
CMAKE_ASM_FLAGS_MINSIZEREL-ADVANCED:INTERNAL=1
//ADVANCED property for variable: CMAKE_ASM_FLAGS_RELEASE
CMAKE_ASM_FLAGS_RELEASE-ADVANCED:INTERNAL=1
//ADVANCED property for variable: CMAKE_ASM_FLAGS_RELWITHDEBINFO
CMAKE_ASM_FLAGS_RELWITHDEBINFO-ADVANCED:INTERNAL=1
//ADVANCED property for variable: CMAKE_BUILD_CMAKEDIR
CMAKE_BUILD_CMAKEDIR-ADVANCED:INTERNAL=1
//This is the directory where this CMakeCache.txt was created
CMAKE_CACHEFILE_DIR:INTERNAL=/home/sbkim/project_memorymaze/memoryMaze/build/temp.linux-x86_64-cpython-37
//Major version of cmake used to create the current loaded cache
CMAKE_CACHE_MAJOR_VERSION:INTERNAL=3
//Minor version of cmake used to create the current loaded cache
CMAKE_CACHE_MINOR_VERSION:INTERNAL=26
//Patch version of cmake used to create the current loaded cache
CMAKE_CACHE_PATCH_VERSION:INTERNAL=3
//Path to CMake executable.
CMAKE_COMMAND:INTERNAL=/home/sbkim/miniconda3/envs/torchbeast/lib/python3.7/site-packages/cmake/data/bin/cmake
//Path to cpack program executable.
CMAKE_CPACK_COMMAND:INTERNAL=/home/sbkim/miniconda3/envs/torchbeast/lib/python3.7/site-packages/cmake/data/bin/cpack
//ADVANCED property for variable: CMAKE_CTEST_COMMAND
CMAKE_CTEST_COMMAND-ADVANCED:INTERNAL=1
//Path to ctest program executable.
CMAKE_CTEST_COMMAND:INTERNAL=/home/sbkim/miniconda3/envs/torchbeast/lib/python3.7/site-packages/cmake/data/bin/ctest
//ADVANCED property for variable: CMAKE_CUDA_COMPILER
CMAKE_CUDA_COMPILER-ADVANCED:INTERNAL=1
//ADVANCED property for variable: CMAKE_CUDA_FLAGS
CMAKE_CUDA_FLAGS-ADVANCED:INTERNAL=1
//ADVANCED property for variable: CMAKE_CUDA_FLAGS_DEBUG
CMAKE_CUDA_FLAGS_DEBUG-ADVANCED:INTERNAL=1
//ADVANCED property for variable: CMAKE_CUDA_FLAGS_MINSIZEREL
CMAKE_CUDA_FLAGS_MINSIZEREL-ADVANCED:INTERNAL=1
//ADVANCED property for variable: CMAKE_CUDA_FLAGS_RELEASE
CMAKE_CUDA_FLAGS_RELEASE-ADVANCED:INTERNAL=1
//ADVANCED property for variable: CMAKE_CUDA_FLAGS_RELWITHDEBINFO
CMAKE_CUDA_FLAGS_RELWITHDEBINFO-ADVANCED:INTERNAL=1
//ADVANCED property for variable: CMAKE_CXX_COMPILER
CMAKE_CXX_COMPILER-ADVANCED:INTERNAL=1
//ADVANCED property for variable: CMAKE_CXX_COMPILER_AR
CMAKE_CXX_COMPILER_AR-ADVANCED:INTERNAL=1
//ADVANCED property for variable: CMAKE_CXX_COMPILER_RANLIB
CMAKE_CXX_COMPILER_RANLIB-ADVANCED:INTERNAL=1
//ADVANCED property for variable: CMAKE_CXX_FLAGS
CMAKE_CXX_FLAGS-ADVANCED:INTERNAL=1
//ADVANCED property for variable: CMAKE_CXX_FLAGS_DEBUG
CMAKE_CXX_FLAGS_DEBUG-ADVANCED:INTERNAL=1
//ADVANCED property for variable: CMAKE_CXX_FLAGS_MINSIZEREL
CMAKE_CXX_FLAGS_MINSIZEREL-ADVANCED:INTERNAL=1
//ADVANCED property for variable: CMAKE_CXX_FLAGS_RELEASE
CMAKE_CXX_FLAGS_RELEASE-ADVANCED:INTERNAL=1
//ADVANCED property for variable: CMAKE_CXX_FLAGS_RELWITHDEBINFO
CMAKE_CXX_FLAGS_RELWITHDEBINFO-ADVANCED:INTERNAL=1
//ADVANCED property for variable: CMAKE_C_COMPILER
CMAKE_C_COMPILER-ADVANCED:INTERNAL=1
//ADVANCED property for variable: CMAKE_C_COMPILER_AR
CMAKE_C_COMPILER_AR-ADVANCED:INTERNAL=1
//ADVANCED property for variable: CMAKE_C_COMPILER_RANLIB
CMAKE_C_COMPILER_RANLIB-ADVANCED:INTERNAL=1
//ADVANCED property for variable: CMAKE_C_FLAGS
CMAKE_C_FLAGS-ADVANCED:INTERNAL=1
//ADVANCED property for variable: CMAKE_C_FLAGS_DEBUG
CMAKE_C_FLAGS_DEBUG-ADVANCED:INTERNAL=1
//ADVANCED property for variable: CMAKE_C_FLAGS_MINSIZEREL
CMAKE_C_FLAGS_MINSIZEREL-ADVANCED:INTERNAL=1
//ADVANCED property for variable: CMAKE_C_FLAGS_RELEASE
CMAKE_C_FLAGS_RELEASE-ADVANCED:INTERNAL=1
//ADVANCED property for variable: CMAKE_C_FLAGS_RELWITHDEBINFO
CMAKE_C_FLAGS_RELWITHDEBINFO-ADVANCED:INTERNAL=1
//ADVANCED property for variable: CMAKE_DLLTOOL
CMAKE_DLLTOOL-ADVANCED:INTERNAL=1
//Executable file format
CMAKE_EXECUTABLE_FORMAT:INTERNAL=ELF
//ADVANCED property for variable: CMAKE_EXE_LINKER_FLAGS
CMAKE_EXE_LINKER_FLAGS-ADVANCED:INTERNAL=1
//ADVANCED property for variable: CMAKE_EXE_LINKER_FLAGS_DEBUG
CMAKE_EXE_LINKER_FLAGS_DEBUG-ADVANCED:INTERNAL=1
//ADVANCED property for variable: CMAKE_EXE_LINKER_FLAGS_MINSIZEREL
CMAKE_EXE_LINKER_FLAGS_MINSIZEREL-ADVANCED:INTERNAL=1
//ADVANCED property for variable: CMAKE_EXE_LINKER_FLAGS_RELEASE
CMAKE_EXE_LINKER_FLAGS_RELEASE-ADVANCED:INTERNAL=1
//ADVANCED property for variable: CMAKE_EXE_LINKER_FLAGS_RELWITHDEBINFO
CMAKE_EXE_LINKER_FLAGS_RELWITHDEBINFO-ADVANCED:INTERNAL=1
//ADVANCED property for variable: CMAKE_EXPORT_COMPILE_COMMANDS
CMAKE_EXPORT_COMPILE_COMMANDS-ADVANCED:INTERNAL=1
//Name of external makefile project generator.
CMAKE_EXTRA_GENERATOR:INTERNAL=
//Name of generator.
CMAKE_GENERATOR:INTERNAL=Ninja
//Generator instance identifier.
CMAKE_GENERATOR_INSTANCE:INTERNAL=
//Name of generator platform.
CMAKE_GENERATOR_PLATFORM:INTERNAL=
//Name of generator toolset.
CMAKE_GENERATOR_TOOLSET:INTERNAL=
//Test CMAKE_HAVE_LIBC_PTHREAD
CMAKE_HAVE_LIBC_PTHREAD:INTERNAL=
//Have library pthreads
CMAKE_HAVE_PTHREADS_CREATE:INTERNAL=
//Have library pthread
CMAKE_HAVE_PTHREAD_CREATE:INTERNAL=1
//Source directory with the top level CMakeLists.txt file for this
// project
CMAKE_HOME_DIRECTORY:INTERNAL=/home/sbkim/project_memorymaze/memoryMaze
//ADVANCED property for variable: CMAKE_INSTALL_BINDIR
CMAKE_INSTALL_BINDIR-ADVANCED:INTERNAL=1
//ADVANCED property for variable: CMAKE_INSTALL_CMAKEDIR
CMAKE_INSTALL_CMAKEDIR-ADVANCED:INTERNAL=1
//ADVANCED property for variable: CMAKE_INSTALL_DATADIR
CMAKE_INSTALL_DATADIR-ADVANCED:INTERNAL=1
//ADVANCED property for variable: CMAKE_INSTALL_DATAROOTDIR
CMAKE_INSTALL_DATAROOTDIR-ADVANCED:INTERNAL=1
//ADVANCED property for variable: CMAKE_INSTALL_DOCDIR
CMAKE_INSTALL_DOCDIR-ADVANCED:INTERNAL=1
//ADVANCED property for variable: CMAKE_INSTALL_EXAMPLEDIR
CMAKE_INSTALL_EXAMPLEDIR-ADVANCED:INTERNAL=1
//ADVANCED property for variable: CMAKE_INSTALL_INCLUDEDIR
CMAKE_INSTALL_INCLUDEDIR-ADVANCED:INTERNAL=1
//ADVANCED property for variable: CMAKE_INSTALL_INFODIR
CMAKE_INSTALL_INFODIR-ADVANCED:INTERNAL=1
//ADVANCED property for variable: CMAKE_INSTALL_LIBDIR
CMAKE_INSTALL_LIBDIR-ADVANCED:INTERNAL=1
//ADVANCED property for variable: CMAKE_INSTALL_LIBEXECDIR
CMAKE_INSTALL_LIBEXECDIR-ADVANCED:INTERNAL=1
//ADVANCED property for variable: CMAKE_INSTALL_LOCALEDIR
CMAKE_INSTALL_LOCALEDIR-ADVANCED:INTERNAL=1
//ADVANCED property for variable: CMAKE_INSTALL_LOCALSTATEDIR
CMAKE_INSTALL_LOCALSTATEDIR-ADVANCED:INTERNAL=1
//ADVANCED property for variable: CMAKE_INSTALL_MANDIR
CMAKE_INSTALL_MANDIR-ADVANCED:INTERNAL=1
//ADVANCED property for variable: CMAKE_INSTALL_OLDINCLUDEDIR
CMAKE_INSTALL_OLDINCLUDEDIR-ADVANCED:INTERNAL=1
//ADVANCED property for variable: CMAKE_INSTALL_RUNSTATEDIR
CMAKE_INSTALL_RUNSTATEDIR-ADVANCED:INTERNAL=1
//ADVANCED property for variable: CMAKE_INSTALL_SBINDIR
CMAKE_INSTALL_SBINDIR-ADVANCED:INTERNAL=1
//ADVANCED property for variable: CMAKE_INSTALL_SHAREDSTATEDIR
CMAKE_INSTALL_SHAREDSTATEDIR-ADVANCED:INTERNAL=1
//Install .so files without execute permission.
CMAKE_INSTALL_SO_NO_EXE:INTERNAL=1
//ADVANCED property for variable: CMAKE_INSTALL_SYSCONFDIR
CMAKE_INSTALL_SYSCONFDIR-ADVANCED:INTERNAL=1
//ADVANCED property for variable: CMAKE_LINKER
CMAKE_LINKER-ADVANCED:INTERNAL=1
//ADVANCED property for variable: CMAKE_MAKE_PROGRAM
CMAKE_MAKE_PROGRAM-ADVANCED:INTERNAL=1
//ADVANCED property for variable: CMAKE_MODULE_LINKER_FLAGS
CMAKE_MODULE_LINKER_FLAGS-ADVANCED:INTERNAL=1
//ADVANCED property for variable: CMAKE_MODULE_LINKER_FLAGS_DEBUG
CMAKE_MODULE_LINKER_FLAGS_DEBUG-ADVANCED:INTERNAL=1
//ADVANCED property for variable: CMAKE_MODULE_LINKER_FLAGS_MINSIZEREL
CMAKE_MODULE_LINKER_FLAGS_MINSIZEREL-ADVANCED:INTERNAL=1
//ADVANCED property for variable: CMAKE_MODULE_LINKER_FLAGS_RELEASE
CMAKE_MODULE_LINKER_FLAGS_RELEASE-ADVANCED:INTERNAL=1
//ADVANCED property for variable: CMAKE_MODULE_LINKER_FLAGS_RELWITHDEBINFO
CMAKE_MODULE_LINKER_FLAGS_RELWITHDEBINFO-ADVANCED:INTERNAL=1
//ADVANCED property for variable: CMAKE_NM
CMAKE_NM-ADVANCED:INTERNAL=1
//number of local generators
CMAKE_NUMBER_OF_MAKEFILES:INTERNAL=40
//ADVANCED property for variable: CMAKE_OBJCOPY
CMAKE_OBJCOPY-ADVANCED:INTERNAL=1
//ADVANCED property for variable: CMAKE_OBJDUMP
CMAKE_OBJDUMP-ADVANCED:INTERNAL=1
//Platform information initialized
CMAKE_PLATFORM_INFO_INITIALIZED:INTERNAL=1
//ADVANCED property for variable: CMAKE_RANLIB
CMAKE_RANLIB-ADVANCED:INTERNAL=1
//ADVANCED property for variable: CMAKE_READELF
CMAKE_READELF-ADVANCED:INTERNAL=1
//Path to CMake installation.
CMAKE_ROOT:INTERNAL=/home/sbkim/miniconda3/envs/torchbeast/lib/python3.7/site-packages/cmake/data/share/cmake-3.26
//ADVANCED property for variable: CMAKE_SHARED_LINKER_FLAGS
CMAKE_SHARED_LINKER_FLAGS-ADVANCED:INTERNAL=1
//ADVANCED property for variable: CMAKE_SHARED_LINKER_FLAGS_DEBUG
CMAKE_SHARED_LINKER_FLAGS_DEBUG-ADVANCED:INTERNAL=1
//ADVANCED property for variable: CMAKE_SHARED_LINKER_FLAGS_MINSIZEREL
CMAKE_SHARED_LINKER_FLAGS_MINSIZEREL-ADVANCED:INTERNAL=1
//ADVANCED property for variable: CMAKE_SHARED_LINKER_FLAGS_RELEASE
CMAKE_SHARED_LINKER_FLAGS_RELEASE-ADVANCED:INTERNAL=1
//ADVANCED property for variable: CMAKE_SHARED_LINKER_FLAGS_RELWITHDEBINFO
CMAKE_SHARED_LINKER_FLAGS_RELWITHDEBINFO-ADVANCED:INTERNAL=1
//ADVANCED property for variable: CMAKE_SKIP_INSTALL_RPATH
CMAKE_SKIP_INSTALL_RPATH-ADVANCED:INTERNAL=1
//ADVANCED property for variable: CMAKE_SKIP_RPATH
CMAKE_SKIP_RPATH-ADVANCED:INTERNAL=1
//ADVANCED property for variable: CMAKE_STATIC_LINKER_FLAGS
CMAKE_STATIC_LINKER_FLAGS-ADVANCED:INTERNAL=1
//ADVANCED property for variable: CMAKE_STATIC_LINKER_FLAGS_DEBUG
CMAKE_STATIC_LINKER_FLAGS_DEBUG-ADVANCED:INTERNAL=1
//ADVANCED property for variable: CMAKE_STATIC_LINKER_FLAGS_MINSIZEREL
CMAKE_STATIC_LINKER_FLAGS_MINSIZEREL-ADVANCED:INTERNAL=1
//ADVANCED property for variable: CMAKE_STATIC_LINKER_FLAGS_RELEASE
CMAKE_STATIC_LINKER_FLAGS_RELEASE-ADVANCED:INTERNAL=1
//ADVANCED property for variable: CMAKE_STATIC_LINKER_FLAGS_RELWITHDEBINFO
CMAKE_STATIC_LINKER_FLAGS_RELWITHDEBINFO-ADVANCED:INTERNAL=1
//ADVANCED property for variable: CMAKE_STRIP
CMAKE_STRIP-ADVANCED:INTERNAL=1
//uname command
CMAKE_UNAME:INTERNAL=/usr/bin/uname
//ADVANCED property for variable: CMAKE_VERBOSE_MAKEFILE
CMAKE_VERBOSE_MAKEFILE-ADVANCED:INTERNAL=1
//ADVANCED property for variable: COVERAGE_COMMAND
COVERAGE_COMMAND-ADVANCED:INTERNAL=1
//ADVANCED property for variable: COVERAGE_EXTRA_FLAGS
COVERAGE_EXTRA_FLAGS-ADVANCED:INTERNAL=1
//ADVANCED property for variable: CPACK_BINARY_DEB
CPACK_BINARY_DEB-ADVANCED:INTERNAL=1
//ADVANCED property for variable: CPACK_BINARY_FREEBSD
CPACK_BINARY_FREEBSD-ADVANCED:INTERNAL=1
//ADVANCED property for variable: CPACK_BINARY_IFW
CPACK_BINARY_IFW-ADVANCED:INTERNAL=1
//ADVANCED property for variable: CPACK_BINARY_NSIS
CPACK_BINARY_NSIS-ADVANCED:INTERNAL=1
//ADVANCED property for variable: CPACK_BINARY_RPM
CPACK_BINARY_RPM-ADVANCED:INTERNAL=1
//ADVANCED property for variable: CPACK_BINARY_STGZ
CPACK_BINARY_STGZ-ADVANCED:INTERNAL=1
//ADVANCED property for variable: CPACK_BINARY_TBZ2
CPACK_BINARY_TBZ2-ADVANCED:INTERNAL=1
//ADVANCED property for variable: CPACK_BINARY_TGZ
CPACK_BINARY_TGZ-ADVANCED:INTERNAL=1
//ADVANCED property for variable: CPACK_BINARY_TXZ
CPACK_BINARY_TXZ-ADVANCED:INTERNAL=1
//ADVANCED property for variable: CPACK_BINARY_TZ
CPACK_BINARY_TZ-ADVANCED:INTERNAL=1
//ADVANCED property for variable: CPACK_SOURCE_RPM
CPACK_SOURCE_RPM-ADVANCED:INTERNAL=1
//ADVANCED property for variable: CPACK_SOURCE_TBZ2
CPACK_SOURCE_TBZ2-ADVANCED:INTERNAL=1
//ADVANCED property for variable: CPACK_SOURCE_TGZ
CPACK_SOURCE_TGZ-ADVANCED:INTERNAL=1
//ADVANCED property for variable: CPACK_SOURCE_TXZ
CPACK_SOURCE_TXZ-ADVANCED:INTERNAL=1
//ADVANCED property for variable: CPACK_SOURCE_TZ
CPACK_SOURCE_TZ-ADVANCED:INTERNAL=1
//ADVANCED property for variable: CPACK_SOURCE_ZIP
CPACK_SOURCE_ZIP-ADVANCED:INTERNAL=1
//ADVANCED property for variable: CTEST_SUBMIT_RETRY_COUNT
CTEST_SUBMIT_RETRY_COUNT-ADVANCED:INTERNAL=1
//ADVANCED property for variable: CTEST_SUBMIT_RETRY_DELAY
CTEST_SUBMIT_RETRY_DELAY-ADVANCED:INTERNAL=1
//ADVANCED property for variable: CUDA_64_BIT_DEVICE_CODE
CUDA_64_BIT_DEVICE_CODE-ADVANCED:INTERNAL=1
//ADVANCED property for variable: CUDA_ATTACH_VS_BUILD_RULE_TO_CUDA_FILE
CUDA_ATTACH_VS_BUILD_RULE_TO_CUDA_FILE-ADVANCED:INTERNAL=1
//ADVANCED property for variable: CUDA_BUILD_CUBIN
CUDA_BUILD_CUBIN-ADVANCED:INTERNAL=1
//ADVANCED property for variable: CUDA_BUILD_EMULATION
CUDA_BUILD_EMULATION-ADVANCED:INTERNAL=1
//ADVANCED property for variable: CUDA_CUDART_LIBRARY
CUDA_CUDART_LIBRARY-ADVANCED:INTERNAL=1
//ADVANCED property for variable: CUDA_CUDA_LIBRARY
CUDA_CUDA_LIBRARY-ADVANCED:INTERNAL=1
//ADVANCED property for variable: CUDA_GENERATED_OUTPUT_DIR
CUDA_GENERATED_OUTPUT_DIR-ADVANCED:INTERNAL=1
//ADVANCED property for variable: CUDA_HOST_COMPILATION_CPP
CUDA_HOST_COMPILATION_CPP-ADVANCED:INTERNAL=1
//ADVANCED property for variable: CUDA_NVCC_EXECUTABLE
CUDA_NVCC_EXECUTABLE-ADVANCED:INTERNAL=1
//ADVANCED property for variable: CUDA_NVCC_FLAGS
CUDA_NVCC_FLAGS-ADVANCED:INTERNAL=1
//ADVANCED property for variable: CUDA_NVCC_FLAGS_DEBUG
CUDA_NVCC_FLAGS_DEBUG-ADVANCED:INTERNAL=1
//ADVANCED property for variable: CUDA_NVCC_FLAGS_MINSIZEREL
CUDA_NVCC_FLAGS_MINSIZEREL-ADVANCED:INTERNAL=1
//ADVANCED property for variable: CUDA_NVCC_FLAGS_RELEASE
CUDA_NVCC_FLAGS_RELEASE-ADVANCED:INTERNAL=1
//ADVANCED property for variable: CUDA_NVCC_FLAGS_RELWITHDEBINFO
CUDA_NVCC_FLAGS_RELWITHDEBINFO-ADVANCED:INTERNAL=1
//ADVANCED property for variable: CUDA_PROPAGATE_HOST_FLAGS
CUDA_PROPAGATE_HOST_FLAGS-ADVANCED:INTERNAL=1
//ADVANCED property for variable: CUDA_PROPAGATE_HOST_FLAGS_BLACKLIST
CUDA_PROPAGATE_HOST_FLAGS_BLACKLIST-ADVANCED:INTERNAL=1
//This is the value of the last time CUDA_SDK_ROOT_DIR was set
// successfully.
CUDA_SDK_ROOT_DIR_INTERNAL:INTERNAL=CUDA_SDK_ROOT_DIR-NOTFOUND
//ADVANCED property for variable: CUDA_SEPARABLE_COMPILATION
CUDA_SEPARABLE_COMPILATION-ADVANCED:INTERNAL=1
//ADVANCED property for variable: CUDA_TOOLKIT_INCLUDE
CUDA_TOOLKIT_INCLUDE-ADVANCED:INTERNAL=1
//This is the value of the last time CUDA_TOOLKIT_ROOT_DIR was
// set successfully.
CUDA_TOOLKIT_ROOT_DIR_INTERNAL:INTERNAL=/usr/local/cuda
//This is the value of the last time CUDA_TOOLKIT_TARGET_DIR was
// set successfully.
CUDA_TOOLKIT_TARGET_DIR_INTERNAL:INTERNAL=/usr/local/cuda
//Use the static version of the CUDA runtime library if available
CUDA_USE_STATIC_CUDA_RUNTIME:INTERNAL=OFF
//ADVANCED property for variable: CUDA_VERBOSE_BUILD
CUDA_VERBOSE_BUILD-ADVANCED:INTERNAL=1
//ADVANCED property for variable: CUDA_VERSION
CUDA_VERSION-ADVANCED:INTERNAL=1
//ADVANCED property for variable: CUDA_cublas_LIBRARY
CUDA_cublas_LIBRARY-ADVANCED:INTERNAL=1
//ADVANCED property for variable: CUDA_cudadevrt_LIBRARY
CUDA_cudadevrt_LIBRARY-ADVANCED:INTERNAL=1
//ADVANCED property for variable: CUDA_cudart_static_LIBRARY
CUDA_cudart_static_LIBRARY-ADVANCED:INTERNAL=1
//ADVANCED property for variable: CUDA_cufft_LIBRARY
CUDA_cufft_LIBRARY-ADVANCED:INTERNAL=1
//ADVANCED property for variable: CUDA_cupti_LIBRARY
CUDA_cupti_LIBRARY-ADVANCED:INTERNAL=1
//ADVANCED property for variable: CUDA_curand_LIBRARY
CUDA_curand_LIBRARY-ADVANCED:INTERNAL=1
//ADVANCED property for variable: CUDA_cusolver_LIBRARY
CUDA_cusolver_LIBRARY-ADVANCED:INTERNAL=1
//ADVANCED property for variable: CUDA_cusparse_LIBRARY
CUDA_cusparse_LIBRARY-ADVANCED:INTERNAL=1
//Location of make2cmake.cmake
CUDA_make2cmake:INTERNAL=/home/sbkim/miniconda3/envs/torchbeast/lib/python3.7/site-packages/torch/share/cmake/Caffe2/Modules_CUDA_fix/upstream/FindCUDA/make2cmake.cmake
//ADVANCED property for variable: CUDA_nppc_LIBRARY
CUDA_nppc_LIBRARY-ADVANCED:INTERNAL=1
//ADVANCED property for variable: CUDA_nppial_LIBRARY
CUDA_nppial_LIBRARY-ADVANCED:INTERNAL=1
//ADVANCED property for variable: CUDA_nppicc_LIBRARY
CUDA_nppicc_LIBRARY-ADVANCED:INTERNAL=1
//ADVANCED property for variable: CUDA_nppicom_LIBRARY
CUDA_nppicom_LIBRARY-ADVANCED:INTERNAL=1
//ADVANCED property for variable: CUDA_nppidei_LIBRARY
CUDA_nppidei_LIBRARY-ADVANCED:INTERNAL=1
//ADVANCED property for variable: CUDA_nppif_LIBRARY
CUDA_nppif_LIBRARY-ADVANCED:INTERNAL=1
//ADVANCED property for variable: CUDA_nppig_LIBRARY
CUDA_nppig_LIBRARY-ADVANCED:INTERNAL=1
//ADVANCED property for variable: CUDA_nppim_LIBRARY
CUDA_nppim_LIBRARY-ADVANCED:INTERNAL=1
//ADVANCED property for variable: CUDA_nppist_LIBRARY
CUDA_nppist_LIBRARY-ADVANCED:INTERNAL=1
//ADVANCED property for variable: CUDA_nppisu_LIBRARY
CUDA_nppisu_LIBRARY-ADVANCED:INTERNAL=1
//ADVANCED property for variable: CUDA_nppitc_LIBRARY
CUDA_nppitc_LIBRARY-ADVANCED:INTERNAL=1
//ADVANCED property for variable: CUDA_npps_LIBRARY
CUDA_npps_LIBRARY-ADVANCED:INTERNAL=1
//Location of parse_cubin.cmake
CUDA_parse_cubin:INTERNAL=/home/sbkim/miniconda3/envs/torchbeast/lib/python3.7/site-packages/torch/share/cmake/Caffe2/Modules_CUDA_fix/upstream/FindCUDA/parse_cubin.cmake
//Location of run_nvcc.cmake
CUDA_run_nvcc:INTERNAL=/home/sbkim/miniconda3/envs/torchbeast/lib/python3.7/site-packages/torch/share/cmake/Caffe2/Modules_CUDA_fix/upstream/FindCUDA/run_nvcc.cmake
//ADVANCED property for variable: CUDNN_INCLUDE_DIR
CUDNN_INCLUDE_DIR-ADVANCED:INTERNAL=1
//ADVANCED property for variable: CUDNN_LIBRARY
CUDNN_LIBRARY-ADVANCED:INTERNAL=1
//ADVANCED property for variable: CUDNN_ROOT
CUDNN_ROOT-ADVANCED:INTERNAL=1
//ADVANCED property for variable: DART_TESTING_TIMEOUT
DART_TESTING_TIMEOUT-ADVANCED:INTERNAL=1
//Details about finding CUDA
FIND_PACKAGE_MESSAGE_DETAILS_CUDA:INTERNAL=[/usr/local/cuda][/usr/local/cuda/bin/nvcc][/usr/local/cuda/include][/usr/local/cuda/lib64/libcudart.so][v12.0()]
//Details about finding CUDNN
FIND_PACKAGE_MESSAGE_DETAILS_CUDNN:INTERNAL=[/usr/local/cuda/lib64/libcudnn.so][/usr/local/cuda/include][v()]
//Details about finding PkgConfig
FIND_PACKAGE_MESSAGE_DETAILS_PkgConfig:INTERNAL=[/usr/bin/pkg-config][v0.29.1()]
//Details about finding Python
FIND_PACKAGE_MESSAGE_DETAILS_Python:INTERNAL=[/usr/bin/python3.8][cfound components: Interpreter ][v3.8.10()]
//Details about finding Python3
FIND_PACKAGE_MESSAGE_DETAILS_Python3:INTERNAL=[/home/sbkim/miniconda3/envs/torchbeast/bin/python3.7][/home/sbkim/miniconda3/envs/torchbeast/include/python3.7m][/home/sbkim/miniconda3/envs/torchbeast/lib/libpython3.7m.so][/home/sbkim/miniconda3/envs/torchbeast/lib/python3.7/site-packages/numpy/core/include][cfound components: Interpreter Development NumPy Development.Module Development.Embed ][v3.7.16(3.7)]
//Details about finding Threads
FIND_PACKAGE_MESSAGE_DETAILS_Threads:INTERNAL=[TRUE][v()]
//Details about finding Torch
FIND_PACKAGE_MESSAGE_DETAILS_Torch:INTERNAL=[/home/sbkim/miniconda3/envs/torchbeast/lib/python3.7/site-packages/torch/lib/libtorch.so][/home/sbkim/miniconda3/envs/torchbeast/lib/python3.7/site-packages/torch/include;/home/sbkim/miniconda3/envs/torchbeast/lib/python3.7/site-packages/torch/include/torch/csrc/api/include][v()]
//ADVANCED property for variable: GITCOMMAND
GITCOMMAND-ADVANCED:INTERNAL=1
//Test HAS_FLTO
HAS_FLTO:INTERNAL=1
//Have symbol AF_INET6
HAVE_AF_INET6:INTERNAL=1
//Have include arpa/inet.h
HAVE_ARPA_INET_H:INTERNAL=1
//Have include arpa/nameser_compat.h
HAVE_ARPA_NAMESER_COMPAT_H:INTERNAL=1
//Have include arpa/nameser.h
HAVE_ARPA_NAMESER_H:INTERNAL=1
//Have include assert.h
HAVE_ASSERT_H:INTERNAL=1
//Have symbol bitncmp
HAVE_BITNCMP:INTERNAL=
//Test HAVE_BOOL_T
HAVE_BOOL_T:INTERNAL=1
//Have symbol CLOCK_MONOTONIC
HAVE_CLOCK_GETTIME_MONOTONIC:INTERNAL=1
//Have symbol closesocket
HAVE_CLOSESOCKET:INTERNAL=
//Have symbol CloseSocket
HAVE_CLOSESOCKET_CAMEL:INTERNAL=
//Have symbol connect
HAVE_CONNECT:INTERNAL=1
//Have include dlfcn.h
HAVE_DLFCN_H:INTERNAL=1
//Have include errno.h
HAVE_ERRNO_H:INTERNAL=1
//Have symbol fcntl
HAVE_FCNTL:INTERNAL=1
//Have include fcntl.h
HAVE_FCNTL_H:INTERNAL=1
//Have symbol FIONBIO
HAVE_FIONBIO:INTERNAL=1
//Have symbol freeaddrinfo
HAVE_FREEADDRINFO:INTERNAL=1
//Have function fseeko
HAVE_FSEEKO:INTERNAL=1
//Have symbol getaddrinfo
HAVE_GETADDRINFO:INTERNAL=1
//Have symbol getenv
HAVE_GETENV:INTERNAL=1
//Have symbol gethostbyaddr
HAVE_GETHOSTBYADDR:INTERNAL=1
//Have symbol gethostbyname
HAVE_GETHOSTBYNAME:INTERNAL=1
//Have symbol gethostname
HAVE_GETHOSTNAME:INTERNAL=1
//Have symbol getnameinfo
HAVE_GETNAMEINFO:INTERNAL=1
//Have symbol getservbyname_r
HAVE_GETSERVBYNAME_R:INTERNAL=1
//Have symbol getservbyport_r
HAVE_GETSERVBYPORT_R:INTERNAL=1
//Have symbol gettimeofday
HAVE_GETTIMEOFDAY:INTERNAL=1
//Have symbol if_indextoname
HAVE_IF_INDEXTONAME:INTERNAL=1
//Have symbol inet_net_pton
HAVE_INET_NET_PTON:INTERNAL=
//Have symbol inet_ntop
HAVE_INET_NTOP:INTERNAL=1
//Have symbol inet_pton
HAVE_INET_PTON:INTERNAL=1
//Have include inttypes.h
HAVE_INTTYPES_H:INTERNAL=1
//Have symbol ioctl
HAVE_IOCTL:INTERNAL=1
//Have symbol ioctlsocket
HAVE_IOCTLSOCKET:INTERNAL=
//Have symbol IoctlSocket
HAVE_IOCTLSOCKET_CAMEL:INTERNAL=
//Have symbol SIOCGIFADDR
HAVE_IOCTL_SIOCGIFADDR:INTERNAL=1
//Have include limits.h
HAVE_LIMITS_H:INTERNAL=1
//Test HAVE_LL
HAVE_LL:INTERNAL=1
//Test HAVE_LONGLONG
HAVE_LONGLONG:INTERNAL=1
//Have include malloc.h
HAVE_MALLOC_H:INTERNAL=1
//Have include memory.h
HAVE_MEMORY_H:INTERNAL=1
//Have symbol MSG_NOSIGNAL
HAVE_MSG_NOSIGNAL:INTERNAL=1
//Have include netdb.h
HAVE_NETDB_H:INTERNAL=1
//Have include netinet/in.h
HAVE_NETINET_IN_H:INTERNAL=1
//Have include sys/types.h;netinet/tcp.h
HAVE_NETINET_TCP_H:INTERNAL=1
//Have include net/if.h
HAVE_NET_IF_H:INTERNAL=1
//Result of TRY_COMPILE
HAVE_OFF64_T:INTERNAL=TRUE
//Have symbol O_NONBLOCK
HAVE_O_NONBLOCK:INTERNAL=1
//Have symbol PF_INET6
HAVE_PF_INET6:INTERNAL=1
//Have symbol recv
HAVE_RECV:INTERNAL=1
//Have symbol recvfrom
HAVE_RECVFROM:INTERNAL=1
//Have library resolv
HAVE_RES_SERVICENAME_IN_LIBRESOLV:INTERNAL=
//Have symbol send
HAVE_SEND:INTERNAL=1
//Have symbol setsockopt
HAVE_SETSOCKOPT:INTERNAL=1
//Have include signal.h
HAVE_SIGNAL_H:INTERNAL=1
//Test HAVE_SIG_ATOMIC_T
HAVE_SIG_ATOMIC_T:INTERNAL=1
//Test HAVE_SOCKADDR_IN6_SIN6_SCOPE_ID
HAVE_SOCKADDR_IN6_SIN6_SCOPE_ID:INTERNAL=1
//Have symbol socket
HAVE_SOCKET:INTERNAL=1
//Have includes socket.h
HAVE_SOCKET_H:INTERNAL=
//Test HAVE_SOCKLEN_T
HAVE_SOCKLEN_T:INTERNAL=1
//Have symbol SO_NONBLOCK
HAVE_SO_NONBLOCK:INTERNAL=
//Test HAVE_SSIZE_T
HAVE_SSIZE_T:INTERNAL=1
//Have include stdbool.h
HAVE_STDBOOL_H:INTERNAL=1
//Have include stddef.h
HAVE_STDDEF_H:INTERNAL=1
//Have include stdint.h
HAVE_STDINT_H:INTERNAL=1
//Have include stdlib.h
HAVE_STDLIB_H:INTERNAL=1
//Have symbol strcasecmp
HAVE_STRCASECMP:INTERNAL=1
//Have symbol strcmpi
HAVE_STRCMPI:INTERNAL=
//Have symbol strdup
HAVE_STRDUP:INTERNAL=1
//Have symbol stricmp
HAVE_STRICMP:INTERNAL=
//Have include strings.h
HAVE_STRINGS_H:INTERNAL=1
//Have include string.h
HAVE_STRING_H:INTERNAL=1
//Have symbol strncasecmp
HAVE_STRNCASECMP:INTERNAL=1
//Have symbol strncmpi
HAVE_STRNCMPI:INTERNAL=
//Have symbol strnicmp
HAVE_STRNICMP:INTERNAL=
//Have includes stropts.h
HAVE_STROPTS_H:INTERNAL=
//Test HAVE_STRUCT_ADDRINFO
HAVE_STRUCT_ADDRINFO:INTERNAL=1
//Test HAVE_STRUCT_IN6_ADDR
HAVE_STRUCT_IN6_ADDR:INTERNAL=1
//Test HAVE_STRUCT_SOCKADDR_IN6
HAVE_STRUCT_SOCKADDR_IN6:INTERNAL=1
//Test HAVE_STRUCT_SOCKADDR_STORAGE
HAVE_STRUCT_SOCKADDR_STORAGE:INTERNAL=1
//Test HAVE_STRUCT_TIMEVAL
HAVE_STRUCT_TIMEVAL:INTERNAL=1
//Have include sys/ioctl.h
HAVE_SYS_IOCTL_H:INTERNAL=1
//Have include sys/param.h
HAVE_SYS_PARAM_H:INTERNAL=1
//Have include sys/select.h
HAVE_SYS_SELECT_H:INTERNAL=1
//Have include sys/socket.h
HAVE_SYS_SOCKET_H:INTERNAL=1
//Have include sys/stat.h
HAVE_SYS_STAT_H:INTERNAL=1
//Have include sys/time.h
HAVE_SYS_TIME_H:INTERNAL=1
//Have include sys/types.h
HAVE_SYS_TYPES_H:INTERNAL=1
//Have include sys/uio.h
HAVE_SYS_UIO_H:INTERNAL=1
//Have include time.h
HAVE_TIME_H:INTERNAL=1
//Test HAVE_TYPE_SOCKET
HAVE_TYPE_SOCKET:INTERNAL=
//Have include unistd.h
HAVE_UNISTD_H:INTERNAL=1
//Have includes windows.h
HAVE_WINDOWS_H:INTERNAL=
//Have includes winsock2.h;windows.h
HAVE_WINSOCK2_H:INTERNAL=
//Have includes winsock.h;windows.h
HAVE_WINSOCK_H:INTERNAL=
//Have symbol writev
HAVE_WRITEV:INTERNAL=1
//Have includes winsock2.h;ws2tcpip.h;windows.h
HAVE_WS2TCPIP_H:INTERNAL=
//Have function __system_property_get
HAVE___SYSTEM_PROPERTY_GET:INTERNAL=
//ADVANCED property for variable: MAKECOMMAND
MAKECOMMAND-ADVANCED:INTERNAL=1
//ADVANCED property for variable: MEMORYCHECK_COMMAND
MEMORYCHECK_COMMAND-ADVANCED:INTERNAL=1
//ADVANCED property for variable: MEMORYCHECK_SUPPRESSIONS_FILE
MEMORYCHECK_SUPPRESSIONS_FILE-ADVANCED:INTERNAL=1
//CHECK_TYPE_SIZE: sizeof(off64_t)
OFF64_T:INTERNAL=8
//ADVANCED property for variable: PKG_CONFIG_ARGN
PKG_CONFIG_ARGN-ADVANCED:INTERNAL=1
//ADVANCED property for variable: PKG_CONFIG_EXECUTABLE
PKG_CONFIG_EXECUTABLE-ADVANCED:INTERNAL=1
PYBIND11_INCLUDE_DIR:INTERNAL=/home/sbkim/project_memorymaze/memoryMaze/third_party/pybind11/include
//Python executable during the last CMake run
PYBIND11_PYTHON_EXECUTABLE_LAST:INTERNAL=/home/sbkim/miniconda3/envs/torchbeast/bin/python3.7
//Python debug status
PYTHON_IS_DEBUG:INTERNAL=0
PYTHON_MODULE_EXTENSION:INTERNAL=.cpython-37m-x86_64-linux-gnu.so
//ADVANCED property for variable: SITE
SITE-ADVANCED:INTERNAL=1
SYSTEMD_CFLAGS:INTERNAL=
SYSTEMD_CFLAGS_I:INTERNAL=
SYSTEMD_CFLAGS_OTHER:INTERNAL=
SYSTEMD_FOUND:INTERNAL=
SYSTEMD_INCLUDEDIR:INTERNAL=
SYSTEMD_LIBDIR:INTERNAL=
SYSTEMD_LIBS:INTERNAL=
SYSTEMD_LIBS_L:INTERNAL=
SYSTEMD_LIBS_OTHER:INTERNAL=
SYSTEMD_LIBS_PATHS:INTERNAL=
SYSTEMD_MODULE_NAME:INTERNAL=
SYSTEMD_PREFIX:INTERNAL=
SYSTEMD_STATIC_CFLAGS:INTERNAL=
SYSTEMD_STATIC_CFLAGS_I:INTERNAL=
SYSTEMD_STATIC_CFLAGS_OTHER:INTERNAL=
SYSTEMD_STATIC_LIBDIR:INTERNAL=
SYSTEMD_STATIC_LIBS:INTERNAL=
SYSTEMD_STATIC_LIBS_L:INTERNAL=
SYSTEMD_STATIC_LIBS_OTHER:INTERNAL=
SYSTEMD_STATIC_LIBS_PATHS:INTERNAL=
SYSTEMD_VERSION:INTERNAL=
SYSTEMD_libsystemd_INCLUDEDIR:INTERNAL=
SYSTEMD_libsystemd_LIBDIR:INTERNAL=
SYSTEMD_libsystemd_PREFIX:INTERNAL=
SYSTEMD_libsystemd_VERSION:INTERNAL=
//Result of TRY_COMPILE
THREADS_HAVE_PTHREAD_ARG:INTERNAL=TRUE
//Have include unistd.h
Z_HAVE_UNISTD_H:INTERNAL=1
//Have function clock_gettime
_CARES_FUNC_IN_LIB_GLOBAL_clock_gettime:INTERNAL=1
//Have function gethostbyname
_CARES_FUNC_IN_LIB_GLOBAL_gethostbyname:INTERNAL=1
//Have function res_servicename
_CARES_FUNC_IN_LIB_GLOBAL_res_servicename:INTERNAL=
//Have function socket
_CARES_FUNC_IN_LIB_GLOBAL_socket:INTERNAL=1
//linker supports push/pop state
_CMAKE_LINKER_PUSHPOP_STATE_SUPPORTED:INTERNAL=TRUE
//CMAKE_INSTALL_PREFIX during last run
_GNUInstallDirs_LAST_CMAKE_INSTALL_PREFIX:INTERNAL=/home/sbkim/miniconda3/envs/torchbeast
_Python:INTERNAL=Python3
//Compiler reason failure
_Python3_Compiler_REASON_FAILURE:INTERNAL=
_Python3_DEVELOPMENT_EMBED_SIGNATURE:INTERNAL=173a9b39837aea919d2c5e3c8234f012
_Python3_DEVELOPMENT_MODULE_SIGNATURE:INTERNAL=27187e4b83b8e071a37cfc58765630e8
//Development reason failure
_Python3_Development_REASON_FAILURE:INTERNAL=
//Path to a program.
_Python3_EXECUTABLE:INTERNAL=/home/sbkim/miniconda3/envs/torchbeast/bin/python3.7
//Path to a file.
_Python3_INCLUDE_DIR:INTERNAL=/home/sbkim/miniconda3/envs/torchbeast/include/python3.7m
//Python3 Properties
_Python3_INTERPRETER_PROPERTIES:INTERNAL=Python;3;7;16;64;m;cpython-37m-x86_64-linux-gnu;abi3;/home/sbkim/miniconda3/envs/torchbeast/lib/python3.7;/home/sbkim/miniconda3/envs/torchbeast/lib/python3.7;/home/sbkim/miniconda3/envs/torchbeast/lib/python3.7/site-packages;/home/sbkim/miniconda3/envs/torchbeast/lib/python3.7/site-packages
_Python3_INTERPRETER_SIGNATURE:INTERNAL=a6ab07b71caa4ed940abbc54453c251c
//Interpreter reason failure
_Python3_Interpreter_REASON_FAILURE:INTERNAL=
//Path to a library.
_Python3_LIBRARY_RELEASE:INTERNAL=/home/sbkim/miniconda3/envs/torchbeast/lib/libpython3.7m.so
_Python3_NUMPY_SIGNATURE:INTERNAL=000834013e19873a7d7e90be32defe7d
//Path to a file.
_Python3_NumPy_INCLUDE_DIR:INTERNAL=/home/sbkim/miniconda3/envs/torchbeast/lib/python3.7/site-packages/numpy/core/include
//Compiler reason failure
_Python_Compiler_REASON_FAILURE:INTERNAL=
//Development reason failure
_Python_Development_REASON_FAILURE:INTERNAL=
//Path to a program.
_Python_EXECUTABLE:INTERNAL=/usr/bin/python3.8
//Python Properties
_Python_INTERPRETER_PROPERTIES:INTERNAL=Python;3;8;10;64;;cpython-38-x86_64-linux-gnu;abi3;/usr/lib/python3.8;/usr/lib/python3.8;/usr/lib/python3/dist-packages;/usr/lib/python3/dist-packages
_Python_INTERPRETER_SIGNATURE:INTERNAL=1d67f3455c450d8c2e1e4f08924f9fd7
//Interpreter reason failure
_Python_Interpreter_REASON_FAILURE:INTERNAL=
//NumPy reason failure
_Python_NumPy_REASON_FAILURE:INTERNAL=
__pkg_config_checked_SYSTEMD:INTERNAL=1
cmake_package_name:INTERNAL=GTest
//Result of TRY_COMPILE
compile_result:INTERNAL=TRUE
//STRINGS property for variable: gRPC_ABSL_PROVIDER
gRPC_ABSL_PROVIDER-STRINGS:INTERNAL=module;package
//STRINGS property for variable: gRPC_CARES_PROVIDER
gRPC_CARES_PROVIDER-STRINGS:INTERNAL=module;package
//STRINGS property for variable: gRPC_PROTOBUF_PROVIDER
gRPC_PROTOBUF_PROVIDER-STRINGS:INTERNAL=module;package
//STRINGS property for variable: gRPC_RE2_PROVIDER
gRPC_RE2_PROVIDER-STRINGS:INTERNAL=module;package
//STRINGS property for variable: gRPC_SSL_PROVIDER
gRPC_SSL_PROVIDER-STRINGS:INTERNAL=module;package
//STRINGS property for variable: gRPC_ZLIB_PROVIDER
gRPC_ZLIB_PROVIDER-STRINGS:INTERNAL=module;package
generated_dir:INTERNAL=/home/sbkim/project_memorymaze/memoryMaze/build/temp.linux-x86_64-cpython-37/googletest/googletest/generated
//ADVANCED property for variable: gmock_build_tests
gmock_build_tests-ADVANCED:INTERNAL=1
//ADVANCED property for variable: gtest_build_samples
gtest_build_samples-ADVANCED:INTERNAL=1
//ADVANCED property for variable: gtest_build_tests
gtest_build_tests-ADVANCED:INTERNAL=1
//ADVANCED property for variable: gtest_disable_pthreads
gtest_disable_pthreads-ADVANCED:INTERNAL=1
//ADVANCED property for variable: gtest_force_shared_crt
gtest_force_shared_crt-ADVANCED:INTERNAL=1
//ADVANCED property for variable: gtest_hide_internal_symbols
gtest_hide_internal_symbols-ADVANCED:INTERNAL=1
//STRINGS property for variable: protobuf_ABSL_PROVIDER
protobuf_ABSL_PROVIDER-STRINGS:INTERNAL=module;package
//ADVANCED property for variable: protobuf_CMAKE_SUBDIR
protobuf_CMAKE_SUBDIR-ADVANCED:INTERNAL=1
//ADVANCED property for variable: protobuf_DEBUG_POSTFIX
protobuf_DEBUG_POSTFIX-ADVANCED:INTERNAL=1
//Test protobuf_HAVE_BUILTIN_ATOMICS
protobuf_HAVE_BUILTIN_ATOMICS:INTERNAL=1
//Test protobuf_HAVE_LD_VERSION_SCRIPT
protobuf_HAVE_LD_VERSION_SCRIPT:INTERNAL=1
//ADVANCED property for variable: protobuf_MODULE_COMPATIBLE
protobuf_MODULE_COMPATIBLE-ADVANCED:INTERNAL=1
//ADVANCED property for variable: protobuf_VERBOSE
protobuf_VERBOSE-ADVANCED:INTERNAL=1
//True if pybind11 and all required components found on the system
pybind11_FOUND:INTERNAL=TRUE
//Directory where pybind11 headers are located
pybind11_INCLUDE_DIR:INTERNAL=/home/sbkim/project_memorymaze/memoryMaze/third_party/pybind11/include
//Directories where pybind11 and possibly Python headers are located
pybind11_INCLUDE_DIRS:INTERNAL=/home/sbkim/project_memorymaze/memoryMaze/third_party/pybind11/include;/home/sbkim/miniconda3/envs/torchbeast/include/python3.7m
//Result of try_run()
run_result:INTERNAL=0
targets_export_name:INTERNAL=GTestTargets

